This file contains any messages produced by compilers while
running configure, to aid debugging if configure makes a mistake.

It was created by Client configure 1.1.8, which was
generated by GNU Autoconf 2.63.  Invocation command line was

  $ ./configure --prefix=/opt --enable-ipv6 --no-create --no-recursion

## --------- ##
## Platform. ##
## --------- ##

hostname = vice.nerd-residenz.net
uname -m = x86_64
uname -r = 2.6.38.2-grsec-xxxx-grs-ipv6-64
uname -s = Linux
uname -v = #2 SMP Thu Aug 25 16:40:22 UTC 2011

/usr/bin/uname -p = unknown
/bin/uname -X     = unknown

/bin/arch              = unknown
/usr/bin/arch -k       = unknown
/usr/convex/getsysinfo = unknown
/usr/bin/hostinfo      = unknown
/bin/machine           = unknown
/usr/bin/oslevel       = unknown
/bin/universe          = unknown

PATH: /home/rmayer/bin
PATH: /usr/local/bin
PATH: /usr/bin
PATH: /bin
PATH: /usr/local/games
PATH: /usr/games


## ----------- ##
## Core tests. ##
## ----------- ##

configure:2186: checking build system type
configure:2204: result: x86_64-unknown-linux-gnu
configure:2226: checking host system type
configure:2241: result: x86_64-unknown-linux-gnu
configure:2263: checking target system type
configure:2278: result: x86_64-unknown-linux-gnu
configure:2322: checking for a BSD-compatible install
configure:2390: result: /usr/bin/install -c
configure:2401: checking whether build environment is sane
configure:2444: result: yes
configure:2469: checking for a thread-safe mkdir -p
configure:2508: result: /bin/mkdir -p
configure:2521: checking for gawk
configure:2551: result: no
configure:2521: checking for mawk
configure:2537: found /usr/bin/mawk
configure:2548: result: mawk
configure:2559: checking whether make sets $(MAKE)
configure:2581: result: yes
configure:2783: checking for a BSD-compatible install
configure:2851: result: /usr/bin/install -c
configure:2862: checking whether make sets $(MAKE)
configure:2884: result: yes
configure:2894: checking whether ln -s works
configure:2898: result: yes
configure:2905: checking for grep that handles long lines and -e
configure:2965: result: /bin/grep
configure:2970: checking for egrep
configure:3034: result: /bin/grep -E
configure:3042: checking for sed
configure:3060: found /bin/sed
configure:3072: result: /bin/sed
configure:3251: checking for gcc
configure:3267: found /usr/bin/gcc
configure:3278: result: gcc
configure:3510: checking for C compiler version
configure:3518: gcc --version >&5
gcc (Debian 4.4.5-8) 4.4.5
Copyright (C) 2010 Free Software Foundation, Inc.
This is free software; see the source for copying conditions.  There is NO
warranty; not even for MERCHANTABILITY or FITNESS FOR A PARTICULAR PURPOSE.

configure:3522: $? = 0
configure:3529: gcc -v >&5
Using built-in specs.
Target: x86_64-linux-gnu
Configured with: ../src/configure -v --with-pkgversion='Debian 4.4.5-8' --with-bugurl=file:///usr/share/doc/gcc-4.4/README.Bugs --enable-languages=c,c++,fortran,objc,obj-c++ --prefix=/usr --program-suffix=-4.4 --enable-shared --enable-multiarch --enable-linker-build-id --with-system-zlib --libexecdir=/usr/lib --without-included-gettext --enable-threads=posix --with-gxx-include-dir=/usr/include/c++/4.4 --libdir=/usr/lib --enable-nls --enable-clocale=gnu --enable-libstdcxx-debug --enable-objc-gc --with-arch-32=i586 --with-tune=generic --enable-checking=release --build=x86_64-linux-gnu --host=x86_64-linux-gnu --target=x86_64-linux-gnu
Thread model: posix
gcc version 4.4.5 (Debian 4.4.5-8) 
configure:3533: $? = 0
configure:3540: gcc -V >&5
gcc: '-V' option must have argument
configure:3544: $? = 1
configure:3567: checking for C compiler default output file name
configure:3589: gcc -D_GNU_SOURCE   conftest.c  >&5
configure:3593: $? = 0
configure:3631: result: a.out
configure:3650: checking whether the C compiler works
configure:3660: ./a.out
configure:3664: $? = 0
configure:3683: result: yes
configure:3690: checking whether we are cross compiling
configure:3692: result: no
configure:3695: checking for suffix of executables
configure:3702: gcc -o conftest -D_GNU_SOURCE   conftest.c  >&5
configure:3706: $? = 0
configure:3732: result: 
configure:3738: checking for suffix of object files
configure:3764: gcc -c -D_GNU_SOURCE  conftest.c >&5
configure:3768: $? = 0
configure:3793: result: o
configure:3797: checking whether we are using the GNU C compiler
configure:3826: gcc -c -D_GNU_SOURCE  conftest.c >&5
configure:3833: $? = 0
configure:3850: result: yes
configure:3859: checking whether gcc accepts -g
configure:3889: gcc -c -g  conftest.c >&5
configure:3896: $? = 0
configure:3997: result: yes
configure:4014: checking for gcc option to accept ISO C89
configure:4088: gcc  -c -D_GNU_SOURCE  conftest.c >&5
configure:4095: $? = 0
configure:4118: result: none needed
configure:4147: checking for style of include used by make
configure:4175: result: GNU
configure:4200: checking dependency style of gcc
configure:4291: result: gcc3
configure:4307: checking for inline
configure:4333: gcc -c -D_GNU_SOURCE  conftest.c >&5
configure:4340: $? = 0
configure:4358: result: inline
configure:4377: checking for an ANSI C-conforming const
configure:4452: gcc -c -D_GNU_SOURCE  conftest.c >&5
configure:4459: $? = 0
configure:4474: result: yes
configure:4515: checking for a sed that does not truncate output
configure:4581: result: /bin/sed
configure:4599: checking for fgrep
configure:4663: result: /bin/grep -F
configure:4698: checking for ld used by gcc
configure:4765: result: /usr/bin/ld
configure:4774: checking if the linker (/usr/bin/ld) is GNU ld
configure:4789: result: yes
configure:4801: checking for BSD- or MS-compatible name lister (nm)
configure:4850: result: /usr/bin/nm -B
configure:4968: checking the name lister (/usr/bin/nm -B) interface
configure:4975: gcc -c -D_GNU_SOURCE  conftest.c >&5
configure:4978: /usr/bin/nm -B "conftest.o"
configure:4981: output
0000000000000000 B some_variable
configure:4988: result: BSD nm
configure:4992: checking the maximum length of command line arguments
configure:5112: result: 3458764513820540925
configure:5129: checking whether the shell understands some XSI constructs
configure:5139: result: yes
configure:5143: checking whether the shell understands "+="
configure:5149: result: yes
configure:5184: checking for /usr/bin/ld option to reload object files
configure:5191: result: -r
configure:5260: checking for objdump
configure:5276: found /usr/bin/objdump
configure:5287: result: objdump
configure:5319: checking how to recognize dependent libraries
configure:5515: result: pass_all
configure:5575: checking for ar
configure:5591: found /usr/bin/ar
configure:5602: result: ar
configure:5680: checking for strip
configure:5696: found /usr/bin/strip
configure:5707: result: strip
configure:5779: checking for ranlib
configure:5795: found /usr/bin/ranlib
configure:5806: result: ranlib
configure:5896: checking command to parse /usr/bin/nm -B output from gcc object
configure:6014: gcc -c -D_GNU_SOURCE  conftest.c >&5
configure:6017: $? = 0
configure:6021: /usr/bin/nm -B conftest.o \| sed -n -e 's/^.*[	 ]\([ABCDGIRSTW][ABCDGIRSTW]*\)[	 ][	 ]*\([_A-Za-z][_A-Za-z0-9]*\)$/\1 \2 \2/p' \> conftest.nm
configure:6024: $? = 0
configure:6078: gcc -o conftest -D_GNU_SOURCE   conftest.c conftstm.o >&5
configure:6081: $? = 0
configure:6119: result: ok
configure:6214: gcc -c -D_GNU_SOURCE  conftest.c >&5
configure:6217: $? = 0
configure:6985: checking how to run the C preprocessor
configure:7025: gcc -E  conftest.c
configure:7032: $? = 0
configure:7063: gcc -E  conftest.c
conftest.c:11:28: error: ac_nonexistent.h: No such file or directory
configure:7070: $? = 1
configure: failed program was:
| /* confdefs.h.  */
| #define PACKAGE_NAME "Client"
| #define PACKAGE_TARNAME "silc-client"
| #define PACKAGE_VERSION "1.1.8"
| #define PACKAGE_STRING "Client 1.1.8"
| #define PACKAGE_BUGREPORT "silc-devel@lists.silcnet.org"
| #define PACKAGE "silc-client"
| #define VERSION "1.1.8"
| #define SILC_X86_64 /**/
| /* end confdefs.h.  */
| #include <ac_nonexistent.h>
configure:7103: result: gcc -E
configure:7132: gcc -E  conftest.c
configure:7139: $? = 0
configure:7170: gcc -E  conftest.c
conftest.c:11:28: error: ac_nonexistent.h: No such file or directory
configure:7177: $? = 1
configure: failed program was:
| /* confdefs.h.  */
| #define PACKAGE_NAME "Client"
| #define PACKAGE_TARNAME "silc-client"
| #define PACKAGE_VERSION "1.1.8"
| #define PACKAGE_STRING "Client 1.1.8"
| #define PACKAGE_BUGREPORT "silc-devel@lists.silcnet.org"
| #define PACKAGE "silc-client"
| #define VERSION "1.1.8"
| #define SILC_X86_64 /**/
| /* end confdefs.h.  */
| #include <ac_nonexistent.h>
configure:7217: checking for ANSI C header files
configure:7247: gcc -c -D_GNU_SOURCE  conftest.c >&5
configure:7254: $? = 0
configure:7353: gcc -o conftest -D_GNU_SOURCE   conftest.c  >&5
configure:7357: $? = 0
configure:7363: ./conftest
configure:7367: $? = 0
configure:7385: result: yes
configure:7409: checking for sys/types.h
configure:7430: gcc -c -D_GNU_SOURCE  conftest.c >&5
configure:7437: $? = 0
configure:7454: result: yes
configure:7409: checking for sys/stat.h
configure:7430: gcc -c -D_GNU_SOURCE  conftest.c >&5
configure:7437: $? = 0
configure:7454: result: yes
configure:7409: checking for stdlib.h
configure:7430: gcc -c -D_GNU_SOURCE  conftest.c >&5
configure:7437: $? = 0
configure:7454: result: yes
configure:7409: checking for string.h
configure:7430: gcc -c -D_GNU_SOURCE  conftest.c >&5
configure:7437: $? = 0
configure:7454: result: yes
configure:7409: checking for memory.h
configure:7430: gcc -c -D_GNU_SOURCE  conftest.c >&5
configure:7437: $? = 0
configure:7454: result: yes
configure:7409: checking for strings.h
configure:7430: gcc -c -D_GNU_SOURCE  conftest.c >&5
configure:7437: $? = 0
configure:7454: result: yes
configure:7409: checking for inttypes.h
configure:7430: gcc -c -D_GNU_SOURCE  conftest.c >&5
configure:7437: $? = 0
configure:7454: result: yes
configure:7409: checking for stdint.h
configure:7430: gcc -c -D_GNU_SOURCE  conftest.c >&5
configure:7437: $? = 0
configure:7454: result: yes
configure:7409: checking for unistd.h
configure:7430: gcc -c -D_GNU_SOURCE  conftest.c >&5
configure:7437: $? = 0
configure:7454: result: yes
configure:7472: checking for dlfcn.h
configure:7493: gcc -c -D_GNU_SOURCE  conftest.c >&5
configure:7500: $? = 0
configure:7517: result: yes
configure:7703: checking for objdir
configure:7718: result: .libs
configure:8010: checking if gcc supports -fno-rtti -fno-exceptions
configure:8028: gcc -c -D_GNU_SOURCE  -fno-rtti -fno-exceptions conftest.c >&5
cc1: warning: command line option "-fno-rtti" is valid for C++/ObjC++ but not for C
configure:8032: $? = 0
configure:8045: result: no
configure:8065: checking for gcc option to produce PIC
configure:8337: result: -fPIC -DPIC
configure:8349: checking if gcc PIC flag -fPIC -DPIC works
configure:8367: gcc -c -D_GNU_SOURCE  -fPIC -DPIC -DPIC conftest.c >&5
configure:8371: $? = 0
configure:8384: result: yes
configure:8408: checking if gcc static flag -static works
configure:8436: result: yes
configure:8451: checking if gcc supports -c -o file.o
configure:8472: gcc -c -D_GNU_SOURCE  -o out/conftest2.o conftest.c >&5
configure:8476: $? = 0
configure:8498: result: yes
configure:8506: checking if gcc supports -c -o file.o
configure:8553: result: yes
configure:8586: checking whether the gcc linker (/usr/bin/ld -m elf_x86_64) supports shared libraries
configure:9661: result: yes
configure:9698: checking whether -lc should be explicitly linked in
configure:9703: gcc -c -D_GNU_SOURCE  conftest.c >&5
configure:9706: $? = 0
configure:9721: gcc -shared conftest.o  -v -Wl,-soname -Wl,conftest -o conftest 2\>\&1 \| /bin/grep  -lc  \>/dev/null 2\>\&1
configure:9724: $? = 0
configure:9736: result: no
configure:9900: checking dynamic linker characteristics
configure:10343: gcc -o conftest -D_GNU_SOURCE   -Wl,-rpath -Wl,/foo conftest.c  >&5
configure:10350: $? = 0
configure:10595: result: GNU/Linux ld.so
configure:10697: checking how to hardcode library paths into programs
configure:10722: result: immediate
configure:11555: checking whether stripping libraries is possible
configure:11560: result: yes
configure:11595: checking if libtool supports shared libraries
configure:11597: result: yes
configure:11600: checking whether to build shared libraries
configure:11621: result: yes
configure:11624: checking whether to build static libraries
configure:11628: result: yes
configure:11706: checking for ranlib
configure:11733: result: ranlib
configure:11786: checking for ANSI C header files
configure:11954: result: yes
configure:11964: checking whether time.h and sys/time.h may both be included
configure:11994: gcc -c -D_GNU_SOURCE  conftest.c >&5
configure:12001: $? = 0
configure:12016: result: yes
configure:12026: checking whether stat file-mode macros are broken
configure:12063: gcc -c -D_GNU_SOURCE  conftest.c >&5
configure:12070: $? = 0
configure:12085: result: no
configure:12108: checking for unistd.h
configure:12115: result: yes
configure:12108: checking for string.h
configure:12115: result: yes
configure:12119: checking getopt.h usability
configure:12136: gcc -c -D_GNU_SOURCE  conftest.c >&5
configure:12143: $? = 0
configure:12157: result: yes
configure:12161: checking getopt.h presence
configure:12176: gcc -E  conftest.c
configure:12183: $? = 0
configure:12197: result: yes
configure:12230: checking for getopt.h
configure:12239: result: yes
configure:12119: checking errno.h usability
configure:12136: gcc -c -D_GNU_SOURCE  conftest.c >&5
configure:12143: $? = 0
configure:12157: result: yes
configure:12161: checking errno.h presence
configure:12176: gcc -E  conftest.c
configure:12183: $? = 0
configure:12197: result: yes
configure:12230: checking for errno.h
configure:12239: result: yes
configure:12119: checking fcntl.h usability
configure:12136: gcc -c -D_GNU_SOURCE  conftest.c >&5
configure:12143: $? = 0
configure:12157: result: yes
configure:12161: checking fcntl.h presence
configure:12176: gcc -E  conftest.c
configure:12183: $? = 0
configure:12197: result: yes
configure:12230: checking for fcntl.h
configure:12239: result: yes
configure:12119: checking assert.h usability
configure:12136: gcc -c -D_GNU_SOURCE  conftest.c >&5
configure:12143: $? = 0
configure:12157: result: yes
configure:12161: checking assert.h presence
configure:12176: gcc -E  conftest.c
configure:12183: $? = 0
configure:12197: result: yes
configure:12230: checking for assert.h
configure:12239: result: yes
configure:12262: checking for sys/types.h
configure:12269: result: yes
configure:12262: checking for sys/stat.h
configure:12269: result: yes
configure:12273: checking sys/time.h usability
configure:12290: gcc -c -D_GNU_SOURCE  conftest.c >&5
configure:12297: $? = 0
configure:12311: result: yes
configure:12315: checking sys/time.h presence
configure:12330: gcc -E  conftest.c
configure:12337: $? = 0
configure:12351: result: yes
configure:12384: checking for sys/time.h
configure:12393: result: yes
configure:12273: checking stddef.h usability
configure:12290: gcc -c -D_GNU_SOURCE  conftest.c >&5
configure:12297: $? = 0
configure:12311: result: yes
configure:12315: checking stddef.h presence
configure:12330: gcc -E  conftest.c
configure:12337: $? = 0
configure:12351: result: yes
configure:12384: checking for stddef.h
configure:12393: result: yes
configure:12428: checking netinet/in.h usability
configure:12445: gcc -c -D_GNU_SOURCE  conftest.c >&5
configure:12452: $? = 0
configure:12466: result: yes
configure:12470: checking netinet/in.h presence
configure:12485: gcc -E  conftest.c
configure:12492: $? = 0
configure:12506: result: yes
configure:12539: checking for netinet/in.h
configure:12548: result: yes
configure:12428: checking netinet/tcp.h usability
configure:12445: gcc -c -D_GNU_SOURCE  conftest.c >&5
configure:12452: $? = 0
configure:12466: result: yes
configure:12470: checking netinet/tcp.h presence
configure:12485: gcc -E  conftest.c
configure:12492: $? = 0
configure:12506: result: yes
configure:12539: checking for netinet/tcp.h
configure:12548: result: yes
configure:12428: checking xti.h usability
configure:12445: gcc -c -D_GNU_SOURCE  conftest.c >&5
conftest.c:70:17: error: xti.h: No such file or directory
configure:12452: $? = 1
configure: failed program was:
| /* confdefs.h.  */
| #define PACKAGE_NAME "Client"
| #define PACKAGE_TARNAME "silc-client"
| #define PACKAGE_VERSION "1.1.8"
| #define PACKAGE_STRING "Client 1.1.8"
| #define PACKAGE_BUGREPORT "silc-devel@lists.silcnet.org"
| #define PACKAGE "silc-client"
| #define VERSION "1.1.8"
| #define SILC_X86_64 /**/
| #define STDC_HEADERS 1
| #define HAVE_SYS_TYPES_H 1
| #define HAVE_SYS_STAT_H 1
| #define HAVE_STDLIB_H 1
| #define HAVE_STRING_H 1
| #define HAVE_MEMORY_H 1
| #define HAVE_STRINGS_H 1
| #define HAVE_INTTYPES_H 1
| #define HAVE_STDINT_H 1
| #define HAVE_UNISTD_H 1
| #define HAVE_DLFCN_H 1
| #define LT_OBJDIR ".libs/"
| #define STDC_HEADERS 1
| #define TIME_WITH_SYS_TIME 1
| #define HAVE_UNISTD_H 1
| #define HAVE_STRING_H 1
| #define HAVE_GETOPT_H 1
| #define HAVE_ERRNO_H 1
| #define HAVE_FCNTL_H 1
| #define HAVE_ASSERT_H 1
| #define HAVE_SYS_TYPES_H 1
| #define HAVE_SYS_STAT_H 1
| #define HAVE_SYS_TIME_H 1
| #define HAVE_STDDEF_H 1
| #define HAVE_NETINET_IN_H 1
| #define HAVE_NETINET_TCP_H 1
| /* end confdefs.h.  */
| #include <stdio.h>
| #ifdef HAVE_SYS_TYPES_H
| # include <sys/types.h>
| #endif
| #ifdef HAVE_SYS_STAT_H
| # include <sys/stat.h>
| #endif
| #ifdef STDC_HEADERS
| # include <stdlib.h>
| # include <stddef.h>
| #else
| # ifdef HAVE_STDLIB_H
| #  include <stdlib.h>
| # endif
| #endif
| #ifdef HAVE_STRING_H
| # if !defined STDC_HEADERS && defined HAVE_MEMORY_H
| #  include <memory.h>
| # endif
| # include <string.h>
| #endif
| #ifdef HAVE_STRINGS_H
| # include <strings.h>
| #endif
| #ifdef HAVE_INTTYPES_H
| # include <inttypes.h>
| #endif
| #ifdef HAVE_STDINT_H
| # include <stdint.h>
| #endif
| #ifdef HAVE_UNISTD_H
| # include <unistd.h>
| #endif
| #include <xti.h>
configure:12466: result: no
configure:12470: checking xti.h presence
configure:12485: gcc -E  conftest.c
conftest.c:37:17: error: xti.h: No such file or directory
configure:12492: $? = 1
configure: failed program was:
| /* confdefs.h.  */
| #define PACKAGE_NAME "Client"
| #define PACKAGE_TARNAME "silc-client"
| #define PACKAGE_VERSION "1.1.8"
| #define PACKAGE_STRING "Client 1.1.8"
| #define PACKAGE_BUGREPORT "silc-devel@lists.silcnet.org"
| #define PACKAGE "silc-client"
| #define VERSION "1.1.8"
| #define SILC_X86_64 /**/
| #define STDC_HEADERS 1
| #define HAVE_SYS_TYPES_H 1
| #define HAVE_SYS_STAT_H 1
| #define HAVE_STDLIB_H 1
| #define HAVE_STRING_H 1
| #define HAVE_MEMORY_H 1
| #define HAVE_STRINGS_H 1
| #define HAVE_INTTYPES_H 1
| #define HAVE_STDINT_H 1
| #define HAVE_UNISTD_H 1
| #define HAVE_DLFCN_H 1
| #define LT_OBJDIR ".libs/"
| #define STDC_HEADERS 1
| #define TIME_WITH_SYS_TIME 1
| #define HAVE_UNISTD_H 1
| #define HAVE_STRING_H 1
| #define HAVE_GETOPT_H 1
| #define HAVE_ERRNO_H 1
| #define HAVE_FCNTL_H 1
| #define HAVE_ASSERT_H 1
| #define HAVE_SYS_TYPES_H 1
| #define HAVE_SYS_STAT_H 1
| #define HAVE_SYS_TIME_H 1
| #define HAVE_STDDEF_H 1
| #define HAVE_NETINET_IN_H 1
| #define HAVE_NETINET_TCP_H 1
| /* end confdefs.h.  */
| #include <xti.h>
configure:12506: result: no
configure:12539: checking for xti.h
configure:12548: result: no
configure:12428: checking netdb.h usability
configure:12445: gcc -c -D_GNU_SOURCE  conftest.c >&5
configure:12452: $? = 0
configure:12466: result: yes
configure:12470: checking netdb.h presence
configure:12485: gcc -E  conftest.c
configure:12492: $? = 0
configure:12506: result: yes
configure:12539: checking for netdb.h
configure:12548: result: yes
configure:12428: checking sys/resource.h usability
configure:12445: gcc -c -D_GNU_SOURCE  conftest.c >&5
configure:12452: $? = 0
configure:12466: result: yes
configure:12470: checking sys/resource.h presence
configure:12485: gcc -E  conftest.c
configure:12492: $? = 0
configure:12506: result: yes
configure:12539: checking for sys/resource.h
configure:12548: result: yes
configure:12582: checking pwd.h usability
configure:12599: gcc -c -D_GNU_SOURCE  conftest.c >&5
configure:12606: $? = 0
configure:12620: result: yes
configure:12624: checking pwd.h presence
configure:12639: gcc -E  conftest.c
configure:12646: $? = 0
configure:12660: result: yes
configure:12693: checking for pwd.h
configure:12702: result: yes
configure:12582: checking grp.h usability
configure:12599: gcc -c -D_GNU_SOURCE  conftest.c >&5
configure:12606: $? = 0
configure:12620: result: yes
configure:12624: checking grp.h presence
configure:12639: gcc -E  conftest.c
configure:12646: $? = 0
configure:12660: result: yes
configure:12693: checking for grp.h
configure:12702: result: yes
configure:12582: checking termcap.h usability
configure:12599: gcc -c -D_GNU_SOURCE  conftest.c >&5
configure:12606: $? = 0
configure:12620: result: yes
configure:12624: checking termcap.h presence
configure:12639: gcc -E  conftest.c
configure:12646: $? = 0
configure:12660: result: yes
configure:12693: checking for termcap.h
configure:12702: result: yes
configure:12582: checking paths.h usability
configure:12599: gcc -c -D_GNU_SOURCE  conftest.c >&5
configure:12606: $? = 0
configure:12620: result: yes
configure:12624: checking paths.h presence
configure:12639: gcc -E  conftest.c
configure:12646: $? = 0
configure:12660: result: yes
configure:12693: checking for paths.h
configure:12702: result: yes
configure:12736: checking ncurses.h usability
configure:12753: gcc -c -D_GNU_SOURCE  conftest.c >&5
configure:12760: $? = 0
configure:12774: result: yes
configure:12778: checking ncurses.h presence
configure:12793: gcc -E  conftest.c
configure:12800: $? = 0
configure:12814: result: yes
configure:12847: checking for ncurses.h
configure:12856: result: yes
configure:12736: checking signal.h usability
configure:12753: gcc -c -D_GNU_SOURCE  conftest.c >&5
configure:12760: $? = 0
configure:12774: result: yes
configure:12778: checking signal.h presence
configure:12793: gcc -E  conftest.c
configure:12800: $? = 0
configure:12814: result: yes
configure:12847: checking for signal.h
configure:12856: result: yes
configure:12736: checking ctype.h usability
configure:12753: gcc -c -D_GNU_SOURCE  conftest.c >&5
configure:12760: $? = 0
configure:12774: result: yes
configure:12778: checking ctype.h presence
configure:12793: gcc -E  conftest.c
configure:12800: $? = 0
configure:12814: result: yes
configure:12847: checking for ctype.h
configure:12856: result: yes
configure:12736: checking utime.h usability
configure:12753: gcc -c -D_GNU_SOURCE  conftest.c >&5
configure:12760: $? = 0
configure:12774: result: yes
configure:12778: checking utime.h presence
configure:12793: gcc -E  conftest.c
configure:12800: $? = 0
configure:12814: result: yes
configure:12847: checking for utime.h
configure:12856: result: yes
configure:12892: checking arpa/inet.h usability
configure:12909: gcc -c -D_GNU_SOURCE  conftest.c >&5
configure:12916: $? = 0
configure:12930: result: yes
configure:12934: checking arpa/inet.h presence
configure:12949: gcc -E  conftest.c
configure:12956: $? = 0
configure:12970: result: yes
configure:13003: checking for arpa/inet.h
configure:13012: result: yes
configure:12892: checking sys/mman.h usability
configure:12909: gcc -c -D_GNU_SOURCE  conftest.c >&5
configure:12916: $? = 0
configure:12930: result: yes
configure:12934: checking sys/mman.h presence
configure:12949: gcc -E  conftest.c
configure:12956: $? = 0
configure:12970: result: yes
configure:13003: checking for sys/mman.h
configure:13012: result: yes
configure:12892: checking limits.h usability
configure:12909: gcc -c -D_GNU_SOURCE  conftest.c >&5
configure:12916: $? = 0
configure:12930: result: yes
configure:12934: checking limits.h presence
configure:12949: gcc -E  conftest.c
configure:12956: $? = 0
configure:12970: result: yes
configure:13003: checking for limits.h
configure:13012: result: yes
configure:12892: checking termios.h usability
configure:12909: gcc -c -D_GNU_SOURCE  conftest.c >&5
configure:12916: $? = 0
configure:12930: result: yes
configure:12934: checking termios.h presence
configure:12949: gcc -E  conftest.c
configure:12956: $? = 0
configure:12970: result: yes
configure:13003: checking for termios.h
configure:13012: result: yes
configure:12892: checking locale.h usability
configure:12909: gcc -c -D_GNU_SOURCE  conftest.c >&5
configure:12916: $? = 0
configure:12930: result: yes
configure:12934: checking locale.h presence
configure:12949: gcc -E  conftest.c
configure:12956: $? = 0
configure:12970: result: yes
configure:13003: checking for locale.h
configure:13012: result: yes
configure:12892: checking langinfo.h usability
configure:12909: gcc -c -D_GNU_SOURCE  conftest.c >&5
configure:12916: $? = 0
configure:12930: result: yes
configure:12934: checking langinfo.h presence
configure:12949: gcc -E  conftest.c
configure:12956: $? = 0
configure:12970: result: yes
configure:13003: checking for langinfo.h
configure:13012: result: yes
configure:13030: checking return type of signal handlers
configure:13058: gcc -c -D_GNU_SOURCE  conftest.c >&5
conftest.c: In function 'main':
conftest.c:59: error: void value not ignored as it ought to be
configure:13065: $? = 1
configure: failed program was:
| /* confdefs.h.  */
| #define PACKAGE_NAME "Client"
| #define PACKAGE_TARNAME "silc-client"
| #define PACKAGE_VERSION "1.1.8"
| #define PACKAGE_STRING "Client 1.1.8"
| #define PACKAGE_BUGREPORT "silc-devel@lists.silcnet.org"
| #define PACKAGE "silc-client"
| #define VERSION "1.1.8"
| #define SILC_X86_64 /**/
| #define STDC_HEADERS 1
| #define HAVE_SYS_TYPES_H 1
| #define HAVE_SYS_STAT_H 1
| #define HAVE_STDLIB_H 1
| #define HAVE_STRING_H 1
| #define HAVE_MEMORY_H 1
| #define HAVE_STRINGS_H 1
| #define HAVE_INTTYPES_H 1
| #define HAVE_STDINT_H 1
| #define HAVE_UNISTD_H 1
| #define HAVE_DLFCN_H 1
| #define LT_OBJDIR ".libs/"
| #define STDC_HEADERS 1
| #define TIME_WITH_SYS_TIME 1
| #define HAVE_UNISTD_H 1
| #define HAVE_STRING_H 1
| #define HAVE_GETOPT_H 1
| #define HAVE_ERRNO_H 1
| #define HAVE_FCNTL_H 1
| #define HAVE_ASSERT_H 1
| #define HAVE_SYS_TYPES_H 1
| #define HAVE_SYS_STAT_H 1
| #define HAVE_SYS_TIME_H 1
| #define HAVE_STDDEF_H 1
| #define HAVE_NETINET_IN_H 1
| #define HAVE_NETINET_TCP_H 1
| #define HAVE_NETDB_H 1
| #define HAVE_SYS_RESOURCE_H 1
| #define HAVE_PWD_H 1
| #define HAVE_GRP_H 1
| #define HAVE_TERMCAP_H 1
| #define HAVE_PATHS_H 1
| #define HAVE_NCURSES_H 1
| #define HAVE_SIGNAL_H 1
| #define HAVE_CTYPE_H 1
| #define HAVE_UTIME_H 1
| #define HAVE_ARPA_INET_H 1
| #define HAVE_SYS_MMAN_H 1
| #define HAVE_LIMITS_H 1
| #define HAVE_TERMIOS_H 1
| #define HAVE_LOCALE_H 1
| #define HAVE_LANGINFO_H 1
| /* end confdefs.h.  */
| #include <sys/types.h>
| #include <signal.h>
| 
| int
| main ()
| {
| return *(signal (0, 0)) (0) == 1;
|   ;
|   return 0;
| }
configure:13080: result: void
configure:13088: checking for size_t
configure:13116: gcc -c -D_GNU_SOURCE  conftest.c >&5
configure:13123: $? = 0
configure:13150: gcc -c -D_GNU_SOURCE  conftest.c >&5
conftest.c: In function 'main':
conftest.c:90: error: expected expression before ')' token
configure:13157: $? = 1
configure: failed program was:
| /* confdefs.h.  */
| #define PACKAGE_NAME "Client"
| #define PACKAGE_TARNAME "silc-client"
| #define PACKAGE_VERSION "1.1.8"
| #define PACKAGE_STRING "Client 1.1.8"
| #define PACKAGE_BUGREPORT "silc-devel@lists.silcnet.org"
| #define PACKAGE "silc-client"
| #define VERSION "1.1.8"
| #define SILC_X86_64 /**/
| #define STDC_HEADERS 1
| #define HAVE_SYS_TYPES_H 1
| #define HAVE_SYS_STAT_H 1
| #define HAVE_STDLIB_H 1
| #define HAVE_STRING_H 1
| #define HAVE_MEMORY_H 1
| #define HAVE_STRINGS_H 1
| #define HAVE_INTTYPES_H 1
| #define HAVE_STDINT_H 1
| #define HAVE_UNISTD_H 1
| #define HAVE_DLFCN_H 1
| #define LT_OBJDIR ".libs/"
| #define STDC_HEADERS 1
| #define TIME_WITH_SYS_TIME 1
| #define HAVE_UNISTD_H 1
| #define HAVE_STRING_H 1
| #define HAVE_GETOPT_H 1
| #define HAVE_ERRNO_H 1
| #define HAVE_FCNTL_H 1
| #define HAVE_ASSERT_H 1
| #define HAVE_SYS_TYPES_H 1
| #define HAVE_SYS_STAT_H 1
| #define HAVE_SYS_TIME_H 1
| #define HAVE_STDDEF_H 1
| #define HAVE_NETINET_IN_H 1
| #define HAVE_NETINET_TCP_H 1
| #define HAVE_NETDB_H 1
| #define HAVE_SYS_RESOURCE_H 1
| #define HAVE_PWD_H 1
| #define HAVE_GRP_H 1
| #define HAVE_TERMCAP_H 1
| #define HAVE_PATHS_H 1
| #define HAVE_NCURSES_H 1
| #define HAVE_SIGNAL_H 1
| #define HAVE_CTYPE_H 1
| #define HAVE_UTIME_H 1
| #define HAVE_ARPA_INET_H 1
| #define HAVE_SYS_MMAN_H 1
| #define HAVE_LIMITS_H 1
| #define HAVE_TERMIOS_H 1
| #define HAVE_LOCALE_H 1
| #define HAVE_LANGINFO_H 1
| #define RETSIGTYPE void
| /* end confdefs.h.  */
| #include <stdio.h>
| #ifdef HAVE_SYS_TYPES_H
| # include <sys/types.h>
| #endif
| #ifdef HAVE_SYS_STAT_H
| # include <sys/stat.h>
| #endif
| #ifdef STDC_HEADERS
| # include <stdlib.h>
| # include <stddef.h>
| #else
| # ifdef HAVE_STDLIB_H
| #  include <stdlib.h>
| # endif
| #endif
| #ifdef HAVE_STRING_H
| # if !defined STDC_HEADERS && defined HAVE_MEMORY_H
| #  include <memory.h>
| # endif
| # include <string.h>
| #endif
| #ifdef HAVE_STRINGS_H
| # include <strings.h>
| #endif
| #ifdef HAVE_INTTYPES_H
| # include <inttypes.h>
| #endif
| #ifdef HAVE_STDINT_H
| # include <stdint.h>
| #endif
| #ifdef HAVE_UNISTD_H
| # include <unistd.h>
| #endif
| int
| main ()
| {
| if (sizeof ((size_t)))
| 	  return 0;
|   ;
|   return 0;
| }
configure:13180: result: yes
configure:13192: checking for mode_t
configure:13220: gcc -c -D_GNU_SOURCE  conftest.c >&5
configure:13227: $? = 0
configure:13254: gcc -c -D_GNU_SOURCE  conftest.c >&5
conftest.c: In function 'main':
conftest.c:90: error: expected expression before ')' token
configure:13261: $? = 1
configure: failed program was:
| /* confdefs.h.  */
| #define PACKAGE_NAME "Client"
| #define PACKAGE_TARNAME "silc-client"
| #define PACKAGE_VERSION "1.1.8"
| #define PACKAGE_STRING "Client 1.1.8"
| #define PACKAGE_BUGREPORT "silc-devel@lists.silcnet.org"
| #define PACKAGE "silc-client"
| #define VERSION "1.1.8"
| #define SILC_X86_64 /**/
| #define STDC_HEADERS 1
| #define HAVE_SYS_TYPES_H 1
| #define HAVE_SYS_STAT_H 1
| #define HAVE_STDLIB_H 1
| #define HAVE_STRING_H 1
| #define HAVE_MEMORY_H 1
| #define HAVE_STRINGS_H 1
| #define HAVE_INTTYPES_H 1
| #define HAVE_STDINT_H 1
| #define HAVE_UNISTD_H 1
| #define HAVE_DLFCN_H 1
| #define LT_OBJDIR ".libs/"
| #define STDC_HEADERS 1
| #define TIME_WITH_SYS_TIME 1
| #define HAVE_UNISTD_H 1
| #define HAVE_STRING_H 1
| #define HAVE_GETOPT_H 1
| #define HAVE_ERRNO_H 1
| #define HAVE_FCNTL_H 1
| #define HAVE_ASSERT_H 1
| #define HAVE_SYS_TYPES_H 1
| #define HAVE_SYS_STAT_H 1
| #define HAVE_SYS_TIME_H 1
| #define HAVE_STDDEF_H 1
| #define HAVE_NETINET_IN_H 1
| #define HAVE_NETINET_TCP_H 1
| #define HAVE_NETDB_H 1
| #define HAVE_SYS_RESOURCE_H 1
| #define HAVE_PWD_H 1
| #define HAVE_GRP_H 1
| #define HAVE_TERMCAP_H 1
| #define HAVE_PATHS_H 1
| #define HAVE_NCURSES_H 1
| #define HAVE_SIGNAL_H 1
| #define HAVE_CTYPE_H 1
| #define HAVE_UTIME_H 1
| #define HAVE_ARPA_INET_H 1
| #define HAVE_SYS_MMAN_H 1
| #define HAVE_LIMITS_H 1
| #define HAVE_TERMIOS_H 1
| #define HAVE_LOCALE_H 1
| #define HAVE_LANGINFO_H 1
| #define RETSIGTYPE void
| /* end confdefs.h.  */
| #include <stdio.h>
| #ifdef HAVE_SYS_TYPES_H
| # include <sys/types.h>
| #endif
| #ifdef HAVE_SYS_STAT_H
| # include <sys/stat.h>
| #endif
| #ifdef STDC_HEADERS
| # include <stdlib.h>
| # include <stddef.h>
| #else
| # ifdef HAVE_STDLIB_H
| #  include <stdlib.h>
| # endif
| #endif
| #ifdef HAVE_STRING_H
| # if !defined STDC_HEADERS && defined HAVE_MEMORY_H
| #  include <memory.h>
| # endif
| # include <string.h>
| #endif
| #ifdef HAVE_STRINGS_H
| # include <strings.h>
| #endif
| #ifdef HAVE_INTTYPES_H
| # include <inttypes.h>
| #endif
| #ifdef HAVE_STDINT_H
| # include <stdint.h>
| #endif
| #ifdef HAVE_UNISTD_H
| # include <unistd.h>
| #endif
| int
| main ()
| {
| if (sizeof ((mode_t)))
| 	  return 0;
|   ;
|   return 0;
| }
configure:13284: result: yes
configure:13296: checking for uid_t in sys/types.h
configure:13319: result: yes
configure:13334: checking for pid_t
configure:13362: gcc -c -D_GNU_SOURCE  conftest.c >&5
configure:13369: $? = 0
configure:13396: gcc -c -D_GNU_SOURCE  conftest.c >&5
conftest.c: In function 'main':
conftest.c:90: error: expected expression before ')' token
configure:13403: $? = 1
configure: failed program was:
| /* confdefs.h.  */
| #define PACKAGE_NAME "Client"
| #define PACKAGE_TARNAME "silc-client"
| #define PACKAGE_VERSION "1.1.8"
| #define PACKAGE_STRING "Client 1.1.8"
| #define PACKAGE_BUGREPORT "silc-devel@lists.silcnet.org"
| #define PACKAGE "silc-client"
| #define VERSION "1.1.8"
| #define SILC_X86_64 /**/
| #define STDC_HEADERS 1
| #define HAVE_SYS_TYPES_H 1
| #define HAVE_SYS_STAT_H 1
| #define HAVE_STDLIB_H 1
| #define HAVE_STRING_H 1
| #define HAVE_MEMORY_H 1
| #define HAVE_STRINGS_H 1
| #define HAVE_INTTYPES_H 1
| #define HAVE_STDINT_H 1
| #define HAVE_UNISTD_H 1
| #define HAVE_DLFCN_H 1
| #define LT_OBJDIR ".libs/"
| #define STDC_HEADERS 1
| #define TIME_WITH_SYS_TIME 1
| #define HAVE_UNISTD_H 1
| #define HAVE_STRING_H 1
| #define HAVE_GETOPT_H 1
| #define HAVE_ERRNO_H 1
| #define HAVE_FCNTL_H 1
| #define HAVE_ASSERT_H 1
| #define HAVE_SYS_TYPES_H 1
| #define HAVE_SYS_STAT_H 1
| #define HAVE_SYS_TIME_H 1
| #define HAVE_STDDEF_H 1
| #define HAVE_NETINET_IN_H 1
| #define HAVE_NETINET_TCP_H 1
| #define HAVE_NETDB_H 1
| #define HAVE_SYS_RESOURCE_H 1
| #define HAVE_PWD_H 1
| #define HAVE_GRP_H 1
| #define HAVE_TERMCAP_H 1
| #define HAVE_PATHS_H 1
| #define HAVE_NCURSES_H 1
| #define HAVE_SIGNAL_H 1
| #define HAVE_CTYPE_H 1
| #define HAVE_UTIME_H 1
| #define HAVE_ARPA_INET_H 1
| #define HAVE_SYS_MMAN_H 1
| #define HAVE_LIMITS_H 1
| #define HAVE_TERMIOS_H 1
| #define HAVE_LOCALE_H 1
| #define HAVE_LANGINFO_H 1
| #define RETSIGTYPE void
| /* end confdefs.h.  */
| #include <stdio.h>
| #ifdef HAVE_SYS_TYPES_H
| # include <sys/types.h>
| #endif
| #ifdef HAVE_SYS_STAT_H
| # include <sys/stat.h>
| #endif
| #ifdef STDC_HEADERS
| # include <stdlib.h>
| # include <stddef.h>
| #else
| # ifdef HAVE_STDLIB_H
| #  include <stdlib.h>
| # endif
| #endif
| #ifdef HAVE_STRING_H
| # if !defined STDC_HEADERS && defined HAVE_MEMORY_H
| #  include <memory.h>
| # endif
| # include <string.h>
| #endif
| #ifdef HAVE_STRINGS_H
| # include <strings.h>
| #endif
| #ifdef HAVE_INTTYPES_H
| # include <inttypes.h>
| #endif
| #ifdef HAVE_STDINT_H
| # include <stdint.h>
| #endif
| #ifdef HAVE_UNISTD_H
| # include <unistd.h>
| #endif
| int
| main ()
| {
| if (sizeof ((pid_t)))
| 	  return 0;
|   ;
|   return 0;
| }
configure:13426: result: yes
configure:13443: checking size of long long
configure:13748: gcc -o conftest -D_GNU_SOURCE   conftest.c  >&5
configure:13752: $? = 0
configure:13758: ./conftest
configure:13762: $? = 0
configure:13788: result: 8
configure:13804: checking size of long
configure:14109: gcc -o conftest -D_GNU_SOURCE   conftest.c  >&5
configure:14113: $? = 0
configure:14119: ./conftest
configure:14123: $? = 0
configure:14149: result: 8
configure:14165: checking size of int
configure:14470: gcc -o conftest -D_GNU_SOURCE   conftest.c  >&5
configure:14474: $? = 0
configure:14480: ./conftest
configure:14484: $? = 0
configure:14510: result: 4
configure:14526: checking size of short
configure:14831: gcc -o conftest -D_GNU_SOURCE   conftest.c  >&5
configure:14835: $? = 0
configure:14841: ./conftest
configure:14845: $? = 0
configure:14871: result: 2
configure:14887: checking size of char
configure:15192: gcc -o conftest -D_GNU_SOURCE   conftest.c  >&5
configure:15196: $? = 0
configure:15202: ./conftest
configure:15206: $? = 0
configure:15232: result: 1
configure:15248: checking size of void *
configure:15553: gcc -o conftest -D_GNU_SOURCE   conftest.c  >&5
configure:15557: $? = 0
configure:15563: ./conftest
configure:15567: $? = 0
configure:15593: result: 8
configure:15605: checking for long long
configure:15633: gcc -c -D_GNU_SOURCE  conftest.c >&5
configure:15640: $? = 0
configure:15667: gcc -c -D_GNU_SOURCE  conftest.c >&5
conftest.c: In function 'main':
conftest.c:96: error: expected expression before ')' token
configure:15674: $? = 1
configure: failed program was:
| /* confdefs.h.  */
| #define PACKAGE_NAME "Client"
| #define PACKAGE_TARNAME "silc-client"
| #define PACKAGE_VERSION "1.1.8"
| #define PACKAGE_STRING "Client 1.1.8"
| #define PACKAGE_BUGREPORT "silc-devel@lists.silcnet.org"
| #define PACKAGE "silc-client"
| #define VERSION "1.1.8"
| #define SILC_X86_64 /**/
| #define STDC_HEADERS 1
| #define HAVE_SYS_TYPES_H 1
| #define HAVE_SYS_STAT_H 1
| #define HAVE_STDLIB_H 1
| #define HAVE_STRING_H 1
| #define HAVE_MEMORY_H 1
| #define HAVE_STRINGS_H 1
| #define HAVE_INTTYPES_H 1
| #define HAVE_STDINT_H 1
| #define HAVE_UNISTD_H 1
| #define HAVE_DLFCN_H 1
| #define LT_OBJDIR ".libs/"
| #define STDC_HEADERS 1
| #define TIME_WITH_SYS_TIME 1
| #define HAVE_UNISTD_H 1
| #define HAVE_STRING_H 1
| #define HAVE_GETOPT_H 1
| #define HAVE_ERRNO_H 1
| #define HAVE_FCNTL_H 1
| #define HAVE_ASSERT_H 1
| #define HAVE_SYS_TYPES_H 1
| #define HAVE_SYS_STAT_H 1
| #define HAVE_SYS_TIME_H 1
| #define HAVE_STDDEF_H 1
| #define HAVE_NETINET_IN_H 1
| #define HAVE_NETINET_TCP_H 1
| #define HAVE_NETDB_H 1
| #define HAVE_SYS_RESOURCE_H 1
| #define HAVE_PWD_H 1
| #define HAVE_GRP_H 1
| #define HAVE_TERMCAP_H 1
| #define HAVE_PATHS_H 1
| #define HAVE_NCURSES_H 1
| #define HAVE_SIGNAL_H 1
| #define HAVE_CTYPE_H 1
| #define HAVE_UTIME_H 1
| #define HAVE_ARPA_INET_H 1
| #define HAVE_SYS_MMAN_H 1
| #define HAVE_LIMITS_H 1
| #define HAVE_TERMIOS_H 1
| #define HAVE_LOCALE_H 1
| #define HAVE_LANGINFO_H 1
| #define RETSIGTYPE void
| #define SIZEOF_LONG_LONG 8
| #define SIZEOF_LONG 8
| #define SIZEOF_INT 4
| #define SIZEOF_SHORT 2
| #define SIZEOF_CHAR 1
| #define SIZEOF_VOID_P 8
| /* end confdefs.h.  */
| #include <stdio.h>
| #ifdef HAVE_SYS_TYPES_H
| # include <sys/types.h>
| #endif
| #ifdef HAVE_SYS_STAT_H
| # include <sys/stat.h>
| #endif
| #ifdef STDC_HEADERS
| # include <stdlib.h>
| # include <stddef.h>
| #else
| # ifdef HAVE_STDLIB_H
| #  include <stdlib.h>
| # endif
| #endif
| #ifdef HAVE_STRING_H
| # if !defined STDC_HEADERS && defined HAVE_MEMORY_H
| #  include <memory.h>
| # endif
| # include <string.h>
| #endif
| #ifdef HAVE_STRINGS_H
| # include <strings.h>
| #endif
| #ifdef HAVE_INTTYPES_H
| # include <inttypes.h>
| #endif
| #ifdef HAVE_STDINT_H
| # include <stdint.h>
| #endif
| #ifdef HAVE_UNISTD_H
| # include <unistd.h>
| #endif
| int
| main ()
| {
| if (sizeof ((long long)))
| 	  return 0;
|   ;
|   return 0;
| }
configure:15697: result: yes
configure:15708: checking for long double
configure:15736: gcc -c -D_GNU_SOURCE  conftest.c >&5
configure:15743: $? = 0
configure:15770: gcc -c -D_GNU_SOURCE  conftest.c >&5
conftest.c: In function 'main':
conftest.c:97: error: expected expression before ')' token
configure:15777: $? = 1
configure: failed program was:
| /* confdefs.h.  */
| #define PACKAGE_NAME "Client"
| #define PACKAGE_TARNAME "silc-client"
| #define PACKAGE_VERSION "1.1.8"
| #define PACKAGE_STRING "Client 1.1.8"
| #define PACKAGE_BUGREPORT "silc-devel@lists.silcnet.org"
| #define PACKAGE "silc-client"
| #define VERSION "1.1.8"
| #define SILC_X86_64 /**/
| #define STDC_HEADERS 1
| #define HAVE_SYS_TYPES_H 1
| #define HAVE_SYS_STAT_H 1
| #define HAVE_STDLIB_H 1
| #define HAVE_STRING_H 1
| #define HAVE_MEMORY_H 1
| #define HAVE_STRINGS_H 1
| #define HAVE_INTTYPES_H 1
| #define HAVE_STDINT_H 1
| #define HAVE_UNISTD_H 1
| #define HAVE_DLFCN_H 1
| #define LT_OBJDIR ".libs/"
| #define STDC_HEADERS 1
| #define TIME_WITH_SYS_TIME 1
| #define HAVE_UNISTD_H 1
| #define HAVE_STRING_H 1
| #define HAVE_GETOPT_H 1
| #define HAVE_ERRNO_H 1
| #define HAVE_FCNTL_H 1
| #define HAVE_ASSERT_H 1
| #define HAVE_SYS_TYPES_H 1
| #define HAVE_SYS_STAT_H 1
| #define HAVE_SYS_TIME_H 1
| #define HAVE_STDDEF_H 1
| #define HAVE_NETINET_IN_H 1
| #define HAVE_NETINET_TCP_H 1
| #define HAVE_NETDB_H 1
| #define HAVE_SYS_RESOURCE_H 1
| #define HAVE_PWD_H 1
| #define HAVE_GRP_H 1
| #define HAVE_TERMCAP_H 1
| #define HAVE_PATHS_H 1
| #define HAVE_NCURSES_H 1
| #define HAVE_SIGNAL_H 1
| #define HAVE_CTYPE_H 1
| #define HAVE_UTIME_H 1
| #define HAVE_ARPA_INET_H 1
| #define HAVE_SYS_MMAN_H 1
| #define HAVE_LIMITS_H 1
| #define HAVE_TERMIOS_H 1
| #define HAVE_LOCALE_H 1
| #define HAVE_LANGINFO_H 1
| #define RETSIGTYPE void
| #define SIZEOF_LONG_LONG 8
| #define SIZEOF_LONG 8
| #define SIZEOF_INT 4
| #define SIZEOF_SHORT 2
| #define SIZEOF_CHAR 1
| #define SIZEOF_VOID_P 8
| #define HAVE_LONG_LONG 1
| /* end confdefs.h.  */
| #include <stdio.h>
| #ifdef HAVE_SYS_TYPES_H
| # include <sys/types.h>
| #endif
| #ifdef HAVE_SYS_STAT_H
| # include <sys/stat.h>
| #endif
| #ifdef STDC_HEADERS
| # include <stdlib.h>
| # include <stddef.h>
| #else
| # ifdef HAVE_STDLIB_H
| #  include <stdlib.h>
| # endif
| #endif
| #ifdef HAVE_STRING_H
| # if !defined STDC_HEADERS && defined HAVE_MEMORY_H
| #  include <memory.h>
| # endif
| # include <string.h>
| #endif
| #ifdef HAVE_STRINGS_H
| # include <strings.h>
| #endif
| #ifdef HAVE_INTTYPES_H
| # include <inttypes.h>
| #endif
| #ifdef HAVE_STDINT_H
| # include <stdint.h>
| #endif
| #ifdef HAVE_UNISTD_H
| # include <unistd.h>
| #endif
| int
| main ()
| {
| if (sizeof ((long double)))
| 	  return 0;
|   ;
|   return 0;
| }
configure:15800: result: yes
configure:15822: checking for gethostbyname
configure:15878: gcc -o conftest -D_GNU_SOURCE   conftest.c  >&5
configure:15885: $? = 0
configure:15905: result: yes
configure:16143: checking for socket
configure:16199: gcc -o conftest -D_GNU_SOURCE   conftest.c  >&5
configure:16206: $? = 0
configure:16226: result: yes
configure:16310: checking for gethostname
configure:16366: gcc -o conftest -D_GNU_SOURCE   conftest.c  >&5
configure:16373: $? = 0
configure:16395: result: yes
configure:16310: checking for gethostbyaddr
configure:16366: gcc -o conftest -D_GNU_SOURCE   conftest.c  >&5
configure:16373: $? = 0
configure:16395: result: yes
configure:16310: checking for getservbyname
configure:16366: gcc -o conftest -D_GNU_SOURCE   conftest.c  >&5
configure:16373: $? = 0
configure:16395: result: yes
configure:16310: checking for getservbyport
configure:16366: gcc -o conftest -D_GNU_SOURCE   conftest.c  >&5
configure:16373: $? = 0
configure:16395: result: yes
configure:16418: checking for poll
configure:16474: gcc -o conftest -D_GNU_SOURCE   conftest.c  >&5
configure:16481: $? = 0
configure:16503: result: yes
configure:16418: checking for select
configure:16474: gcc -o conftest -D_GNU_SOURCE   conftest.c  >&5
configure:16481: $? = 0
configure:16503: result: yes
configure:16418: checking for listen
configure:16474: gcc -o conftest -D_GNU_SOURCE   conftest.c  >&5
configure:16481: $? = 0
configure:16503: result: yes
configure:16418: checking for bind
configure:16474: gcc -o conftest -D_GNU_SOURCE   conftest.c  >&5
configure:16481: $? = 0
configure:16503: result: yes
configure:16418: checking for shutdown
configure:16474: gcc -o conftest -D_GNU_SOURCE   conftest.c  >&5
configure:16481: $? = 0
configure:16503: result: yes
configure:16418: checking for close
configure:16474: gcc -o conftest -D_GNU_SOURCE   conftest.c  >&5
configure:16481: $? = 0
configure:16503: result: yes
configure:16418: checking for connect
configure:16474: gcc -o conftest -D_GNU_SOURCE   conftest.c  >&5
configure:16481: $? = 0
configure:16503: result: yes
configure:16418: checking for setsockopt
configure:16474: gcc -o conftest -D_GNU_SOURCE   conftest.c  >&5
configure:16481: $? = 0
configure:16503: result: yes
configure:16524: checking for setrlimit
configure:16580: gcc -o conftest -D_GNU_SOURCE   conftest.c  >&5
configure:16587: $? = 0
configure:16609: result: yes
configure:16524: checking for time
configure:16580: gcc -o conftest -D_GNU_SOURCE   conftest.c  >&5
configure:16587: $? = 0
configure:16609: result: yes
configure:16524: checking for ctime
configure:16580: gcc -o conftest -D_GNU_SOURCE   conftest.c  >&5
configure:16587: $? = 0
configure:16609: result: yes
configure:16524: checking for utime
configure:16580: gcc -o conftest -D_GNU_SOURCE   conftest.c  >&5
configure:16587: $? = 0
configure:16609: result: yes
configure:16524: checking for gettimeofday
configure:16580: gcc -o conftest -D_GNU_SOURCE   conftest.c  >&5
configure:16587: $? = 0
configure:16609: result: yes
configure:16524: checking for getrusage
configure:16580: gcc -o conftest -D_GNU_SOURCE   conftest.c  >&5
configure:16587: $? = 0
configure:16609: result: yes
configure:16632: checking for chmod
configure:16688: gcc -o conftest -D_GNU_SOURCE   conftest.c  >&5
configure:16695: $? = 0
configure:16717: result: yes
configure:16632: checking for fcntl
configure:16688: gcc -o conftest -D_GNU_SOURCE   conftest.c  >&5
configure:16695: $? = 0
configure:16717: result: yes
configure:16632: checking for stat
configure:16688: gcc -o conftest -D_GNU_SOURCE   conftest.c  >&5
configure:16695: $? = 0
configure:16717: result: yes
configure:16632: checking for fstat
configure:16688: gcc -o conftest -D_GNU_SOURCE   conftest.c  >&5
configure:16695: $? = 0
configure:16717: result: yes
configure:16632: checking for getenv
configure:16688: gcc -o conftest -D_GNU_SOURCE   conftest.c  >&5
configure:16695: $? = 0
configure:16717: result: yes
configure:16632: checking for putenv
configure:16688: gcc -o conftest -D_GNU_SOURCE   conftest.c  >&5
configure:16695: $? = 0
configure:16717: result: yes
configure:16632: checking for strerror
configure:16688: gcc -o conftest -D_GNU_SOURCE   conftest.c  >&5
configure:16695: $? = 0
configure:16717: result: yes
configure:16632: checking for posix_memalign
configure:16688: gcc -o conftest -D_GNU_SOURCE   conftest.c  >&5
configure:16695: $? = 0
configure:16717: result: yes
configure:16739: checking for getpid
configure:16795: gcc -o conftest -D_GNU_SOURCE   conftest.c  >&5
configure:16802: $? = 0
configure:16824: result: yes
configure:16739: checking for getgid
configure:16795: gcc -o conftest -D_GNU_SOURCE   conftest.c  >&5
configure:16802: $? = 0
configure:16824: result: yes
configure:16739: checking for getsid
configure:16795: gcc -o conftest -D_GNU_SOURCE   conftest.c  >&5
configure:16802: $? = 0
configure:16824: result: yes
configure:16739: checking for getpgid
configure:16795: gcc -o conftest -D_GNU_SOURCE   conftest.c  >&5
configure:16802: $? = 0
configure:16824: result: yes
configure:16739: checking for getpgrp
configure:16795: gcc -o conftest -D_GNU_SOURCE   conftest.c  >&5
configure:16802: $? = 0
configure:16824: result: yes
configure:16739: checking for getuid
configure:16795: gcc -o conftest -D_GNU_SOURCE   conftest.c  >&5
configure:16802: $? = 0
configure:16824: result: yes
configure:16739: checking for sched_yield
configure:16795: gcc -o conftest -D_GNU_SOURCE   conftest.c  >&5
configure:16802: $? = 0
configure:16824: result: yes
configure:16844: checking for setgroups
configure:16900: gcc -o conftest -D_GNU_SOURCE   conftest.c  >&5
configure:16907: $? = 0
configure:16929: result: yes
configure:16844: checking for initgroups
configure:16900: gcc -o conftest -D_GNU_SOURCE   conftest.c  >&5
configure:16907: $? = 0
configure:16929: result: yes
configure:16844: checking for nl_langinfo
configure:16900: gcc -o conftest -D_GNU_SOURCE   conftest.c  >&5
configure:16907: $? = 0
configure:16929: result: yes
configure:16844: checking for nanosleep
configure:16900: gcc -o conftest -D_GNU_SOURCE   conftest.c  >&5
configure:16907: $? = 0
configure:16929: result: yes
configure:16844: checking for backtrace
configure:16900: gcc -o conftest -D_GNU_SOURCE   conftest.c  >&5
configure:16907: $? = 0
configure:16929: result: yes
configure:16952: checking for strchr
configure:17008: gcc -o conftest -D_GNU_SOURCE   conftest.c  >&5
conftest.c:123: warning: conflicting types for built-in function 'strchr'
configure:17015: $? = 0
configure:17037: result: yes
configure:16952: checking for snprintf
configure:17008: gcc -o conftest -D_GNU_SOURCE   conftest.c  >&5
conftest.c:124: warning: conflicting types for built-in function 'snprintf'
configure:17015: $? = 0
configure:17037: result: yes
configure:16952: checking for strstr
configure:17008: gcc -o conftest -D_GNU_SOURCE   conftest.c  >&5
conftest.c:125: warning: conflicting types for built-in function 'strstr'
configure:17015: $? = 0
configure:17037: result: yes
configure:16952: checking for strcpy
configure:17008: gcc -o conftest -D_GNU_SOURCE   conftest.c  >&5
conftest.c:126: warning: conflicting types for built-in function 'strcpy'
configure:17015: $? = 0
configure:17037: result: yes
configure:16952: checking for strncpy
configure:17008: gcc -o conftest -D_GNU_SOURCE   conftest.c  >&5
conftest.c:127: warning: conflicting types for built-in function 'strncpy'
configure:17015: $? = 0
configure:17037: result: yes
configure:16952: checking for memcpy
configure:17008: gcc -o conftest -D_GNU_SOURCE   conftest.c  >&5
conftest.c:128: warning: conflicting types for built-in function 'memcpy'
configure:17015: $? = 0
configure:17037: result: yes
configure:16952: checking for memset
configure:17008: gcc -o conftest -D_GNU_SOURCE   conftest.c  >&5
conftest.c:129: warning: conflicting types for built-in function 'memset'
configure:17015: $? = 0
configure:17037: result: yes
configure:16952: checking for memmove
configure:17008: gcc -o conftest -D_GNU_SOURCE   conftest.c  >&5
conftest.c:130: warning: conflicting types for built-in function 'memmove'
configure:17015: $? = 0
configure:17037: result: yes
configure:17062: checking regex.h usability
configure:17079: gcc -c -D_GNU_SOURCE  conftest.c >&5
configure:17086: $? = 0
configure:17100: result: yes
configure:17104: checking regex.h presence
configure:17119: gcc -E  conftest.c
configure:17126: $? = 0
configure:17140: result: yes
configure:17173: checking for regex.h
configure:17180: result: yes
configure:17208: checking for getopt_long
configure:17264: gcc -o conftest -D_GNU_SOURCE   conftest.c  >&5
configure:17271: $? = 0
configure:17291: result: yes
configure:17308: checking for getopt
configure:17364: gcc -o conftest -D_GNU_SOURCE   conftest.c  >&5
configure:17371: $? = 0
configure:17391: result: yes
configure:17414: checking whether to enable IPv6 support
configure:17429: result: yes
configure:17523: checking whether to enable debugging
configure:17550: result: no
configure:17558: checking whether to enable compiler optimizations
configure:17575: result: yes
configure:17592: checking whether to enable assembler optimizations
configure:17609: result: yes
configure:17631: checking for nasm
configure:17662: result: no
configure:17681: checking for yasm
configure:17712: result: no
configure:17735: checking for va_copy
configure:17777: gcc -c -D_GNU_SOURCE  conftest.c >&5
configure:17784: $? = 0
configure:17795: result: yes
configure:18030: checking whether gcc accepts -g flag
configure:18053: gcc -o conftest -D_GNU_SOURCE -g   conftest.c  >&5
configure:18060: $? = 0
configure:18068: result: yes
configure:18088: checking whether gcc accepts -Wall -finline-functions flag
configure:18111: gcc -o conftest -D_GNU_SOURCE -g -Wall -finline-functions   conftest.c  >&5
configure:18118: $? = 0
configure:18126: result: yes
configure:18145: checking whether gcc accepts -Wno-pointer-sign flag
configure:18168: gcc -o conftest -D_GNU_SOURCE -g -Wall -finline-functions -Wno-pointer-sign   conftest.c  >&5
configure:18175: $? = 0
configure:18183: result: yes
configure:18508: checking whether gcc accepts -O2 flag
configure:18531: gcc -o conftest -D_GNU_SOURCE -g -Wall -finline-functions -Wno-pointer-sign -O2   conftest.c  >&5
configure:18538: $? = 0
configure:18546: result: yes
configure:19115: checking for pkg-config
configure:19133: found /usr/bin/pkg-config
configure:19145: result: /usr/bin/pkg-config
configure:19170: checking pkg-config is at least version 0.9.0
configure:19173: result: yes
configure:19184: checking for SILC
configure:19192: $PKG_CONFIG --exists --print-errors "silc >= 1.1"
Package silc was not found in the pkg-config search path.
Perhaps you should add the directory containing `silc.pc'
to the PKG_CONFIG_PATH environment variable
No package 'silc' found
configure:19195: $? = 1
configure:19210: $PKG_CONFIG --exists --print-errors "silc >= 1.1"
Package silc was not found in the pkg-config search path.
Perhaps you should add the directory containing `silc.pc'
to the PKG_CONFIG_PATH environment variable
No package 'silc' found
configure:19213: $? = 1
No package 'silc' found
configure:19241: result: no
configure:19255: checking for SILCCLIENT
configure:19263: $PKG_CONFIG --exists --print-errors "silcclient >= 1.1.1"
Package silcclient was not found in the pkg-config search path.
Perhaps you should add the directory containing `silcclient.pc'
to the PKG_CONFIG_PATH environment variable
No package 'silcclient' found
configure:19266: $? = 1
configure:19281: $PKG_CONFIG --exists --print-errors "silcclient >= 1.1.1"
Package silcclient was not found in the pkg-config search path.
Perhaps you should add the directory containing `silcclient.pc'
to the PKG_CONFIG_PATH environment variable
No package 'silcclient' found
configure:19284: $? = 1
No package 'silcclient' found
configure:19312: result: no
configure:19342: checking whether to support SOCKS4
configure:19427: result: no
configure:19438: checking whether to support SOCKS5
configure:19523: result: no
configure:19664: checking whether to search for GMP
configure:19776: result: no
configure:19804: result: Using SILC Math as a MP library.
configure:19816: checking whether to implicit search for libiconv
configure:20084: result: no
configure:20102: checking iconv.h usability
configure:20119: gcc -c -D_GNU_SOURCE -g -Wall -finline-functions -Wno-pointer-sign -O2  conftest.c >&5
configure:20126: $? = 0
configure:20140: result: yes
configure:20144: checking iconv.h presence
configure:20159: gcc -E  conftest.c
configure:20166: $? = 0
configure:20180: result: yes
configure:20213: checking for iconv.h
configure:20222: result: yes
configure:20237: checking for iconv
configure:20293: gcc -o conftest -D_GNU_SOURCE -g -Wall -finline-functions -Wno-pointer-sign -O2  -L$(silc_top_srcdir)/lib  conftest.c  >&5
configure:20300: $? = 0
configure:20322: result: yes
configure:20842: checking whether this iconv is good enough
configure:20879: gcc -o conftest -D_GNU_SOURCE -g -Wall -finline-functions -Wno-pointer-sign -O2  -L$(silc_top_srcdir)/lib  conftest.c  >&5
configure:20883: $? = 0
configure:20889: ./conftest
configure:20893: $? = 0
configure:20915: result: yes
configure:20926: checking whether to search for POSIX threads
configure:20959: result: yes
configure:20977: checking pthread.h usability
configure:20994: gcc -c -D_GNU_SOURCE -g -Wall -finline-functions -Wno-pointer-sign -O2  conftest.c >&5
configure:21001: $? = 0
configure:21015: result: yes
configure:21019: checking pthread.h presence
configure:21034: gcc -E  conftest.c
configure:21041: $? = 0
configure:21055: result: yes
configure:21088: checking for pthread.h
configure:21097: result: yes
configure:21109: checking for pthread_attr_init in -lpthread
configure:21144: gcc -o conftest -D_GNU_SOURCE -g -Wall -finline-functions -Wno-pointer-sign -O2  -L$(silc_top_srcdir)/lib  conftest.c -lpthread   -lpthread >&5
configure:21151: $? = 0
configure:21172: result: yes
configure:21567: checking for pthread_create
configure:21623: gcc -o conftest -D_GNU_SOURCE -g -Wall -finline-functions -Wno-pointer-sign -O2 -D_REENTRANT  -L$(silc_top_srcdir)/lib  conftest.c  -lpthread >&5
configure:21630: $? = 0
configure:21650: result: yes
configure:21655: checking for pthread_rwlock_init
configure:21711: gcc -o conftest -D_GNU_SOURCE -g -Wall -finline-functions -Wno-pointer-sign -O2 -D_REENTRANT  -L$(silc_top_srcdir)/lib  conftest.c  -lpthread >&5
configure:21718: $? = 0
configure:21738: result: yes
configure:21769: gcc -o conftest -D_GNU_SOURCE -g -Wall -finline-functions -Wno-pointer-sign -O2 -D_REENTRANT  -L$(silc_top_srcdir)/lib  conftest.c  -lpthread >&5
configure:21773: $? = 0
configure:21779: ./conftest
configure:21783: $? = 0
configure:21828: checking whether system has timezone
configure:21852: gcc -o conftest -D_GNU_SOURCE -g -Wall -finline-functions -Wno-pointer-sign -O2 -D_REENTRANT  -L$(silc_top_srcdir)/lib  conftest.c  -lpthread >&5
configure:21856: $? = 0
configure:21862: ./conftest
configure:21866: $? = 0
configure:21868: result: yes
configure:21889: checking whether system has tm_gmtoff
configure:21914: gcc -o conftest -D_GNU_SOURCE -g -Wall -finline-functions -Wno-pointer-sign -O2 -D_REENTRANT  -L$(silc_top_srcdir)/lib  conftest.c  -lpthread >&5
configure:21918: $? = 0
configure:21924: ./conftest
configure:21928: $? = 0
configure:21930: result: yes
configure:21951: checking whether system has __tm_gmtoff
configure:21976: gcc -o conftest -D_GNU_SOURCE -g -Wall -finline-functions -Wno-pointer-sign -O2 -D_REENTRANT  -L$(silc_top_srcdir)/lib  conftest.c  -lpthread >&5
conftest.c: In function 'main':
conftest.c:7: error: 'struct tm' has no member named '__tm_gmtoff'
configure:21980: $? = 1
configure: program exited with status 1
configure: failed program was:
| 
|     #include <stdio.h>
|     #include <time.h>
|     int main()
|     {
|       struct tm tm;
|       tm.__tm_gmtoff = 0;
|       return 0;
|     }
| 
configure:22005: result: no
configure:22013: checking whether system has __tm_gmtoff__
configure:22038: gcc -o conftest -D_GNU_SOURCE -g -Wall -finline-functions -Wno-pointer-sign -O2 -D_REENTRANT  -L$(silc_top_srcdir)/lib  conftest.c  -lpthread >&5
conftest.c: In function 'main':
conftest.c:7: error: 'struct tm' has no member named '__tm_gmtoff__'
configure:22042: $? = 1
configure: program exited with status 1
configure: failed program was:
| 
|     #include <stdio.h>
|     #include <time.h>
|     int main()
|     {
|       struct tm tm;
|       tm.__tm_gmtoff__ = 0;
|       return 0;
|     }
| 
configure:22067: result: no
configure:22078: checking whether to compile native WIN32 code
configure:22097: result: no
configure:22196: configuring crypto library
configure:22233: checking whether gcc accepts -fno-regmove flag
configure:22256: gcc -o conftest -D_GNU_SOURCE -g -Wall -finline-functions -Wno-pointer-sign -O2 -D_REENTRANT  -L$(silc_top_srcdir)/lib  conftest.c  -lpthread >&5
configure:22263: $? = 0
configure:22271: result: yes
configure:22291: checking whether gcc accepts -fomit-frame-pointer -O3 flag
configure:22314: gcc -o conftest -D_GNU_SOURCE -g -Wall -finline-functions -Wno-pointer-sign -O2 -D_REENTRANT  -L$(silc_top_srcdir)/lib  conftest.c  -lpthread >&5
configure:22321: $? = 0
configure:22329: result: yes
configure:22384: configuring math library
configure:22390: checking whether gcc accepts -O3 flag
configure:22413: gcc -o conftest -D_GNU_SOURCE -g -Wall -finline-functions -Wno-pointer-sign -O2 -D_REENTRANT  -L$(silc_top_srcdir)/lib  conftest.c  -lpthread >&5
configure:22420: $? = 0
configure:22428: result: yes
configure:22503: checking whether gcc accepts -funroll-all-loops flag
configure:22526: gcc -o conftest -D_GNU_SOURCE -g -Wall -finline-functions -Wno-pointer-sign -O2 -D_REENTRANT  -L$(silc_top_srcdir)/lib  conftest.c  -lpthread >&5
configure:22533: $? = 0
configure:22541: result: yes
configure:22562: checking whether gcc accepts -fomit-frame-pointer flag
configure:22585: gcc -o conftest -D_GNU_SOURCE -g -Wall -finline-functions -Wno-pointer-sign -O2 -D_REENTRANT  -L$(silc_top_srcdir)/lib  conftest.c  -lpthread >&5
configure:22592: $? = 0
configure:22600: result: yes
configure:22648: Configuring SILC libraries
configure:22716: checking whether byte ordering is bigendian
configure:22741: gcc -c -D_GNU_SOURCE -g -Wall -finline-functions -Wno-pointer-sign -O2 -D_REENTRANT  conftest.c >&5
conftest.c:125: error: expected '=', ',', ';', 'asm' or '__attribute__' before 'a'
configure:22748: $? = 1
configure: failed program was:
| /* confdefs.h.  */
| #define PACKAGE_NAME "Client"
| #define PACKAGE_TARNAME "silc-client"
| #define PACKAGE_VERSION "1.1.8"
| #define PACKAGE_STRING "Client 1.1.8"
| #define PACKAGE_BUGREPORT "silc-devel@lists.silcnet.org"
| #define PACKAGE "silc-client"
| #define VERSION "1.1.8"
| #define SILC_X86_64 /**/
| #define STDC_HEADERS 1
| #define HAVE_SYS_TYPES_H 1
| #define HAVE_SYS_STAT_H 1
| #define HAVE_STDLIB_H 1
| #define HAVE_STRING_H 1
| #define HAVE_MEMORY_H 1
| #define HAVE_STRINGS_H 1
| #define HAVE_INTTYPES_H 1
| #define HAVE_STDINT_H 1
| #define HAVE_UNISTD_H 1
| #define HAVE_DLFCN_H 1
| #define LT_OBJDIR ".libs/"
| #define STDC_HEADERS 1
| #define TIME_WITH_SYS_TIME 1
| #define HAVE_UNISTD_H 1
| #define HAVE_STRING_H 1
| #define HAVE_GETOPT_H 1
| #define HAVE_ERRNO_H 1
| #define HAVE_FCNTL_H 1
| #define HAVE_ASSERT_H 1
| #define HAVE_SYS_TYPES_H 1
| #define HAVE_SYS_STAT_H 1
| #define HAVE_SYS_TIME_H 1
| #define HAVE_STDDEF_H 1
| #define HAVE_NETINET_IN_H 1
| #define HAVE_NETINET_TCP_H 1
| #define HAVE_NETDB_H 1
| #define HAVE_SYS_RESOURCE_H 1
| #define HAVE_PWD_H 1
| #define HAVE_GRP_H 1
| #define HAVE_TERMCAP_H 1
| #define HAVE_PATHS_H 1
| #define HAVE_NCURSES_H 1
| #define HAVE_SIGNAL_H 1
| #define HAVE_CTYPE_H 1
| #define HAVE_UTIME_H 1
| #define HAVE_ARPA_INET_H 1
| #define HAVE_SYS_MMAN_H 1
| #define HAVE_LIMITS_H 1
| #define HAVE_TERMIOS_H 1
| #define HAVE_LOCALE_H 1
| #define HAVE_LANGINFO_H 1
| #define RETSIGTYPE void
| #define SIZEOF_LONG_LONG 8
| #define SIZEOF_LONG 8
| #define SIZEOF_INT 4
| #define SIZEOF_SHORT 2
| #define SIZEOF_CHAR 1
| #define SIZEOF_VOID_P 8
| #define HAVE_LONG_LONG 1
| #define HAVE_LONG_DOUBLE 1
| #define HAVE_GETHOSTNAME 1
| #define HAVE_GETHOSTBYADDR 1
| #define HAVE_GETSERVBYNAME 1
| #define HAVE_GETSERVBYPORT 1
| #define HAVE_POLL 1
| #define HAVE_SELECT 1
| #define HAVE_LISTEN 1
| #define HAVE_BIND 1
| #define HAVE_SHUTDOWN 1
| #define HAVE_CLOSE 1
| #define HAVE_CONNECT 1
| #define HAVE_SETSOCKOPT 1
| #define HAVE_SETRLIMIT 1
| #define HAVE_TIME 1
| #define HAVE_CTIME 1
| #define HAVE_UTIME 1
| #define HAVE_GETTIMEOFDAY 1
| #define HAVE_GETRUSAGE 1
| #define HAVE_CHMOD 1
| #define HAVE_FCNTL 1
| #define HAVE_STAT 1
| #define HAVE_FSTAT 1
| #define HAVE_GETENV 1
| #define HAVE_PUTENV 1
| #define HAVE_STRERROR 1
| #define HAVE_POSIX_MEMALIGN 1
| #define HAVE_GETPID 1
| #define HAVE_GETGID 1
| #define HAVE_GETSID 1
| #define HAVE_GETPGID 1
| #define HAVE_GETPGRP 1
| #define HAVE_GETUID 1
| #define HAVE_SCHED_YIELD 1
| #define HAVE_SETGROUPS 1
| #define HAVE_INITGROUPS 1
| #define HAVE_NL_LANGINFO 1
| #define HAVE_NANOSLEEP 1
| #define HAVE_BACKTRACE 1
| #define HAVE_STRCHR 1
| #define HAVE_SNPRINTF 1
| #define HAVE_STRSTR 1
| #define HAVE_STRCPY 1
| #define HAVE_STRNCPY 1
| #define HAVE_MEMCPY 1
| #define HAVE_MEMSET 1
| #define HAVE_MEMMOVE 1
| #define HAVE_REGEX_H /**/
| #define HAVE_GETOPT_LONG /**/
| #define HAVE_GETOPT /**/
| #define HAVE_IPV6 /**/
| #define HAVE_VA_COPY /**/
| #define SILC_ETCDIR "/opt/etc"
| #define SILC_DOCDIR "/opt/share/doc/silc-client"
| #define SILC_MP_SILCMATH /**/
| #define HAVE_ICONV_H 1
| #define HAVE_ICONV 1
| #define HAVE_PTHREAD_H 1
| #define SILC_HAVE_PTHREAD /**/
| #define SILC_THREADS /**/
| #define HAVE_TIMEZONE /**/
| #define HAVE_TM_GMTOFF /**/
| #define SILC_ETCDIR "/opt/etc"
| /* end confdefs.h.  */
| #ifndef __APPLE_CC__
| 	       not a universal capable compiler
| 	     #endif
| 	     typedef int dummy;
| 
configure:22798: gcc -c -D_GNU_SOURCE -g -Wall -finline-functions -Wno-pointer-sign -O2 -D_REENTRANT  conftest.c >&5
configure:22805: $? = 0
configure:22837: gcc -c -D_GNU_SOURCE -g -Wall -finline-functions -Wno-pointer-sign -O2 -D_REENTRANT  conftest.c >&5
conftest.c: In function 'main':
conftest.c:131: error: 'not' undeclared (first use in this function)
conftest.c:131: error: (Each undeclared identifier is reported only once
conftest.c:131: error: for each function it appears in.)
conftest.c:131: error: expected ';' before 'big'
configure:22844: $? = 1
configure: failed program was:
| /* confdefs.h.  */
| #define PACKAGE_NAME "Client"
| #define PACKAGE_TARNAME "silc-client"
| #define PACKAGE_VERSION "1.1.8"
| #define PACKAGE_STRING "Client 1.1.8"
| #define PACKAGE_BUGREPORT "silc-devel@lists.silcnet.org"
| #define PACKAGE "silc-client"
| #define VERSION "1.1.8"
| #define SILC_X86_64 /**/
| #define STDC_HEADERS 1
| #define HAVE_SYS_TYPES_H 1
| #define HAVE_SYS_STAT_H 1
| #define HAVE_STDLIB_H 1
| #define HAVE_STRING_H 1
| #define HAVE_MEMORY_H 1
| #define HAVE_STRINGS_H 1
| #define HAVE_INTTYPES_H 1
| #define HAVE_STDINT_H 1
| #define HAVE_UNISTD_H 1
| #define HAVE_DLFCN_H 1
| #define LT_OBJDIR ".libs/"
| #define STDC_HEADERS 1
| #define TIME_WITH_SYS_TIME 1
| #define HAVE_UNISTD_H 1
| #define HAVE_STRING_H 1
| #define HAVE_GETOPT_H 1
| #define HAVE_ERRNO_H 1
| #define HAVE_FCNTL_H 1
| #define HAVE_ASSERT_H 1
| #define HAVE_SYS_TYPES_H 1
| #define HAVE_SYS_STAT_H 1
| #define HAVE_SYS_TIME_H 1
| #define HAVE_STDDEF_H 1
| #define HAVE_NETINET_IN_H 1
| #define HAVE_NETINET_TCP_H 1
| #define HAVE_NETDB_H 1
| #define HAVE_SYS_RESOURCE_H 1
| #define HAVE_PWD_H 1
| #define HAVE_GRP_H 1
| #define HAVE_TERMCAP_H 1
| #define HAVE_PATHS_H 1
| #define HAVE_NCURSES_H 1
| #define HAVE_SIGNAL_H 1
| #define HAVE_CTYPE_H 1
| #define HAVE_UTIME_H 1
| #define HAVE_ARPA_INET_H 1
| #define HAVE_SYS_MMAN_H 1
| #define HAVE_LIMITS_H 1
| #define HAVE_TERMIOS_H 1
| #define HAVE_LOCALE_H 1
| #define HAVE_LANGINFO_H 1
| #define RETSIGTYPE void
| #define SIZEOF_LONG_LONG 8
| #define SIZEOF_LONG 8
| #define SIZEOF_INT 4
| #define SIZEOF_SHORT 2
| #define SIZEOF_CHAR 1
| #define SIZEOF_VOID_P 8
| #define HAVE_LONG_LONG 1
| #define HAVE_LONG_DOUBLE 1
| #define HAVE_GETHOSTNAME 1
| #define HAVE_GETHOSTBYADDR 1
| #define HAVE_GETSERVBYNAME 1
| #define HAVE_GETSERVBYPORT 1
| #define HAVE_POLL 1
| #define HAVE_SELECT 1
| #define HAVE_LISTEN 1
| #define HAVE_BIND 1
| #define HAVE_SHUTDOWN 1
| #define HAVE_CLOSE 1
| #define HAVE_CONNECT 1
| #define HAVE_SETSOCKOPT 1
| #define HAVE_SETRLIMIT 1
| #define HAVE_TIME 1
| #define HAVE_CTIME 1
| #define HAVE_UTIME 1
| #define HAVE_GETTIMEOFDAY 1
| #define HAVE_GETRUSAGE 1
| #define HAVE_CHMOD 1
| #define HAVE_FCNTL 1
| #define HAVE_STAT 1
| #define HAVE_FSTAT 1
| #define HAVE_GETENV 1
| #define HAVE_PUTENV 1
| #define HAVE_STRERROR 1
| #define HAVE_POSIX_MEMALIGN 1
| #define HAVE_GETPID 1
| #define HAVE_GETGID 1
| #define HAVE_GETSID 1
| #define HAVE_GETPGID 1
| #define HAVE_GETPGRP 1
| #define HAVE_GETUID 1
| #define HAVE_SCHED_YIELD 1
| #define HAVE_SETGROUPS 1
| #define HAVE_INITGROUPS 1
| #define HAVE_NL_LANGINFO 1
| #define HAVE_NANOSLEEP 1
| #define HAVE_BACKTRACE 1
| #define HAVE_STRCHR 1
| #define HAVE_SNPRINTF 1
| #define HAVE_STRSTR 1
| #define HAVE_STRCPY 1
| #define HAVE_STRNCPY 1
| #define HAVE_MEMCPY 1
| #define HAVE_MEMSET 1
| #define HAVE_MEMMOVE 1
| #define HAVE_REGEX_H /**/
| #define HAVE_GETOPT_LONG /**/
| #define HAVE_GETOPT /**/
| #define HAVE_IPV6 /**/
| #define HAVE_VA_COPY /**/
| #define SILC_ETCDIR "/opt/etc"
| #define SILC_DOCDIR "/opt/share/doc/silc-client"
| #define SILC_MP_SILCMATH /**/
| #define HAVE_ICONV_H 1
| #define HAVE_ICONV 1
| #define HAVE_PTHREAD_H 1
| #define SILC_HAVE_PTHREAD /**/
| #define SILC_THREADS /**/
| #define HAVE_TIMEZONE /**/
| #define HAVE_TM_GMTOFF /**/
| #define SILC_ETCDIR "/opt/etc"
| /* end confdefs.h.  */
| #include <sys/types.h>
| 		#include <sys/param.h>
| 
| int
| main ()
| {
| #if BYTE_ORDER != BIG_ENDIAN
| 		 not big endian
| 		#endif
| 
|   ;
|   return 0;
| }
configure:23096: result: no
configure:23123: checking for epoll_wait
configure:23179: gcc -o conftest -D_GNU_SOURCE -g -Wall -finline-functions -Wno-pointer-sign -O2 -D_REENTRANT  -L$(silc_top_srcdir)/lib  conftest.c  -lpthread >&5
configure:23186: $? = 0
configure:23206: result: yes
configure:23238: gcc -o conftest -D_GNU_SOURCE -g -Wall -finline-functions -Wno-pointer-sign -O2 -D_REENTRANT  -L$(silc_top_srcdir)/lib  conftest.c  -lpthread >&5
conftest.c: In function 'main':
conftest.c:8: warning: implicit declaration of function 'close'
configure:23242: $? = 0
configure:23248: ./conftest
configure:23252: $? = 0
configure:23281: checking whether to enable stack tracing
configure:23305: result: no
configure:23396: checking whether to compile SILC Plugin for Irssi
configure:23414: result: no
configure:23697: creating ./config.status

## ---------------- ##
## Cache variables. ##
## ---------------- ##

ac_cv_build=x86_64-unknown-linux-gnu
ac_cv_c_bigendian=no
ac_cv_c_compiler_gnu=yes
ac_cv_c_const=yes
ac_cv_c_inline=inline
ac_cv_env_CC_set=
ac_cv_env_CC_value=
ac_cv_env_CFLAGS_set=
ac_cv_env_CFLAGS_value=
ac_cv_env_CPPFLAGS_set=
ac_cv_env_CPPFLAGS_value=
ac_cv_env_CPP_set=
ac_cv_env_CPP_value=
ac_cv_env_LDFLAGS_set=
ac_cv_env_LDFLAGS_value=
ac_cv_env_LIBS_set=
ac_cv_env_LIBS_value=
ac_cv_env_PKG_CONFIG_set=
ac_cv_env_PKG_CONFIG_value=
ac_cv_env_SILCCLIENT_CFLAGS_set=
ac_cv_env_SILCCLIENT_CFLAGS_value=
ac_cv_env_SILCCLIENT_LIBS_set=
ac_cv_env_SILCCLIENT_LIBS_value=
ac_cv_env_SILC_CFLAGS_set=
ac_cv_env_SILC_CFLAGS_value=
ac_cv_env_SILC_LIBS_set=
ac_cv_env_SILC_LIBS_value=
ac_cv_env_build_alias_set=
ac_cv_env_build_alias_value=
ac_cv_env_host_alias_set=
ac_cv_env_host_alias_value=
ac_cv_env_target_alias_set=
ac_cv_env_target_alias_value=
ac_cv_func_backtrace=yes
ac_cv_func_bind=yes
ac_cv_func_chmod=yes
ac_cv_func_close=yes
ac_cv_func_connect=yes
ac_cv_func_ctime=yes
ac_cv_func_epoll_wait=yes
ac_cv_func_fcntl=yes
ac_cv_func_fstat=yes
ac_cv_func_getenv=yes
ac_cv_func_getgid=yes
ac_cv_func_gethostbyaddr=yes
ac_cv_func_gethostbyname=yes
ac_cv_func_gethostname=yes
ac_cv_func_getopt=yes
ac_cv_func_getopt_long=yes
ac_cv_func_getpgid=yes
ac_cv_func_getpgrp=yes
ac_cv_func_getpid=yes
ac_cv_func_getrusage=yes
ac_cv_func_getservbyname=yes
ac_cv_func_getservbyport=yes
ac_cv_func_getsid=yes
ac_cv_func_gettimeofday=yes
ac_cv_func_getuid=yes
ac_cv_func_iconv=yes
ac_cv_func_initgroups=yes
ac_cv_func_listen=yes
ac_cv_func_memcpy=yes
ac_cv_func_memmove=yes
ac_cv_func_memset=yes
ac_cv_func_nanosleep=yes
ac_cv_func_nl_langinfo=yes
ac_cv_func_poll=yes
ac_cv_func_posix_memalign=yes
ac_cv_func_pthread_create=yes
ac_cv_func_pthread_rwlock_init=yes
ac_cv_func_putenv=yes
ac_cv_func_sched_yield=yes
ac_cv_func_select=yes
ac_cv_func_setgroups=yes
ac_cv_func_setrlimit=yes
ac_cv_func_setsockopt=yes
ac_cv_func_shutdown=yes
ac_cv_func_snprintf=yes
ac_cv_func_socket=yes
ac_cv_func_stat=yes
ac_cv_func_strchr=yes
ac_cv_func_strcpy=yes
ac_cv_func_strerror=yes
ac_cv_func_strncpy=yes
ac_cv_func_strstr=yes
ac_cv_func_time=yes
ac_cv_func_utime=yes
ac_cv_header_arpa_inet_h=yes
ac_cv_header_assert_h=yes
ac_cv_header_ctype_h=yes
ac_cv_header_dlfcn_h=yes
ac_cv_header_errno_h=yes
ac_cv_header_fcntl_h=yes
ac_cv_header_getopt_h=yes
ac_cv_header_grp_h=yes
ac_cv_header_iconv_h=yes
ac_cv_header_inttypes_h=yes
ac_cv_header_langinfo_h=yes
ac_cv_header_limits_h=yes
ac_cv_header_locale_h=yes
ac_cv_header_memory_h=yes
ac_cv_header_ncurses_h=yes
ac_cv_header_netdb_h=yes
ac_cv_header_netinet_in_h=yes
ac_cv_header_netinet_tcp_h=yes
ac_cv_header_paths_h=yes
ac_cv_header_pthread_h=yes
ac_cv_header_pwd_h=yes
ac_cv_header_regex_h=yes
ac_cv_header_signal_h=yes
ac_cv_header_stat_broken=no
ac_cv_header_stdc=yes
ac_cv_header_stddef_h=yes
ac_cv_header_stdint_h=yes
ac_cv_header_stdlib_h=yes
ac_cv_header_string_h=yes
ac_cv_header_strings_h=yes
ac_cv_header_sys_mman_h=yes
ac_cv_header_sys_resource_h=yes
ac_cv_header_sys_stat_h=yes
ac_cv_header_sys_time_h=yes
ac_cv_header_sys_types_h=yes
ac_cv_header_termcap_h=yes
ac_cv_header_termios_h=yes
ac_cv_header_time=yes
ac_cv_header_unistd_h=yes
ac_cv_header_utime_h=yes
ac_cv_header_xti_h=no
ac_cv_host=x86_64-unknown-linux-gnu
ac_cv_iconv_good=yes
ac_cv_lib_pthread_pthread_attr_init=yes
ac_cv_objext=o
ac_cv_path_EGREP='/bin/grep -E'
ac_cv_path_FGREP='/bin/grep -F'
ac_cv_path_GREP=/bin/grep
ac_cv_path_NASM=no
ac_cv_path_SED=/bin/sed
ac_cv_path_YASM=no
ac_cv_path_ac_pt_PKG_CONFIG=/usr/bin/pkg-config
ac_cv_path_install='/usr/bin/install -c'
ac_cv_path_mkdir=/bin/mkdir
ac_cv_path_sedpath=/bin/sed
ac_cv_prog_AWK=mawk
ac_cv_prog_CPP='gcc -E'
ac_cv_prog_ac_ct_AR=ar
ac_cv_prog_ac_ct_CC=gcc
ac_cv_prog_ac_ct_OBJDUMP=objdump
ac_cv_prog_ac_ct_RANLIB=ranlib
ac_cv_prog_ac_ct_STRIP=strip
ac_cv_prog_cc_c89=
ac_cv_prog_cc_g=yes
ac_cv_prog_make_make_set=yes
ac_cv_sizeof_char=1
ac_cv_sizeof_int=4
ac_cv_sizeof_long=8
ac_cv_sizeof_long_long=8
ac_cv_sizeof_short=2
ac_cv_sizeof_void_p=8
ac_cv_target=x86_64-unknown-linux-gnu
ac_cv_type_long_double=yes
ac_cv_type_long_long=yes
ac_cv_type_mode_t=yes
ac_cv_type_pid_t=yes
ac_cv_type_signal=void
ac_cv_type_size_t=yes
ac_cv_type_uid_t=yes
am_cv_CC_dependencies_compiler_type=gcc3
lt_cv_deplibs_check_method=pass_all
lt_cv_file_magic_cmd='$MAGIC_CMD'
lt_cv_file_magic_test_file=
lt_cv_ld_reload_flag=-r
lt_cv_nm_interface='BSD nm'
lt_cv_objdir=.libs
lt_cv_path_LD=/usr/bin/ld
lt_cv_path_NM='/usr/bin/nm -B'
lt_cv_prog_compiler_c_o=yes
lt_cv_prog_compiler_pic_works=yes
lt_cv_prog_compiler_rtti_exceptions=no
lt_cv_prog_compiler_static_works=yes
lt_cv_prog_gnu_ld=yes
lt_cv_sys_global_symbol_pipe='sed -n -e '\''s/^.*[	 ]\([ABCDGIRSTW][ABCDGIRSTW]*\)[	 ][	 ]*\([_A-Za-z][_A-Za-z0-9]*\)$/\1 \2 \2/p'\'''
lt_cv_sys_global_symbol_to_c_name_address='sed -n -e '\''s/^: \([^ ]*\) $/  {\"\1\", (void *) 0},/p'\'' -e '\''s/^[ABCDGIRSTW]* \([^ ]*\) \([^ ]*\)$/  {"\2", (void *) \&\2},/p'\'''
lt_cv_sys_global_symbol_to_c_name_address_lib_prefix='sed -n -e '\''s/^: \([^ ]*\) $/  {\"\1\", (void *) 0},/p'\'' -e '\''s/^[ABCDGIRSTW]* \([^ ]*\) \(lib[^ ]*\)$/  {"\2", (void *) \&\2},/p'\'' -e '\''s/^[ABCDGIRSTW]* \([^ ]*\) \([^ ]*\)$/  {"lib\2", (void *) \&\2},/p'\'''
lt_cv_sys_global_symbol_to_cdecl='sed -n -e '\''s/^T .* \(.*\)$/extern int \1();/p'\'' -e '\''s/^[ABCDGIRSTW]* .* \(.*\)$/extern char \1;/p'\'''
lt_cv_sys_max_cmd_len=3458764513820540925

## ----------------- ##
## Output variables. ##
## ----------------- ##

ACLOCAL='${SHELL} /home/rmayer/tmp/silc/silc-client-1.1.8/missing --run aclocal-1.10'
AMDEPBACKSLASH='\'
AMDEP_FALSE='#'
AMDEP_TRUE=''
AMTAR='${SHELL} /home/rmayer/tmp/silc/silc-client-1.1.8/missing --run tar'
AR='ar'
AUTOCONF='${SHELL} /home/rmayer/tmp/silc/silc-client-1.1.8/missing --run autoconf'
AUTOHEADER='${SHELL} /home/rmayer/tmp/silc/silc-client-1.1.8/missing --run autoheader'
AUTOMAKE='${SHELL} /home/rmayer/tmp/silc/silc-client-1.1.8/missing --run automake-1.10'
AWK='mawk'
CC='gcc'
CCDEPMODE='depmode=gcc3'
CFLAGS='-D_GNU_SOURCE -g -Wall -finline-functions -Wno-pointer-sign -O2 -D_REENTRANT'
CPP='gcc -E'
CPPFLAGS=''
CYGPATH_W='echo'
DEFS='-DHAVE_CONFIG_H'
DEPDIR='.deps'
DOCDIR='/opt/share/doc/silc-client'
DSYMUTIL=''
DUMPBIN=''
ECHO_C=''
ECHO_N='-n'
ECHO_T=''
EGREP='/bin/grep -E'
ETCDIR='/opt/etc'
EXEEXT=''
FGREP='/bin/grep -F'
FIX_SHA1='#'
GREP='/bin/grep'
HAVE_REGEX_FALSE='#'
HAVE_REGEX_TRUE=''
HELPDIR='${datarootdir}/silc/help'
INCLUDE_DEFINES_INT='include $(top_srcdir)/Makefile.defines_int'
INSTALL_DATA='${INSTALL} -m 644'
INSTALL_PROGRAM='${INSTALL}'
INSTALL_SCRIPT='${INSTALL}'
INSTALL_STRIP_PROGRAM='$(install_sh) -c -s'
IRSSI_SUBDIR='irssi'
LD='/usr/bin/ld -m elf_x86_64'
LDFLAGS='-L$(silc_top_srcdir)/lib '
LIBOBJS=''
LIBS=' -lpthread'
LIBSILCCLIENT_AGE='0'
LIBSILCCLIENT_CURRENT='3'
LIBSILCCLIENT_REVISION='0'
LIBSILCSERVER_AGE='0'
LIBSILCSERVER_CURRENT='1'
LIBSILCSERVER_REVISION='0'
LIBSILC_AGE='1'
LIBSILC_CURRENT='3'
LIBSILC_REVISION='0'
LIBSUBDIR='lib'
LIBTOOL='$(SHELL) $(top_builddir)/libtool'
LIB_BASE_VERSION='1.1'
LIPO=''
LN_S='ln -s'
LTLIBOBJS=''
MAKEINFO='${SHELL} /home/rmayer/tmp/silc/silc-client-1.1.8/missing --run makeinfo'
MATH_CFLAGS=' -O3 -funroll-all-loops -fomit-frame-pointer'
MKDIR_P='/bin/mkdir -p'
MODULESDIR='/opt/lib/modules'
NASM='no'
NM='/usr/bin/nm -B'
NMEDIT=''
OBJDUMP='objdump'
OBJEXT='o'
OTOOL64=''
OTOOL=''
PACKAGE='silc-client'
PACKAGE_BUGREPORT='silc-devel@lists.silcnet.org'
PACKAGE_NAME='Client'
PACKAGE_STRING='Client 1.1.8'
PACKAGE_TARNAME='silc-client'
PACKAGE_VERSION='1.1.8'
PATH_SEPARATOR=':'
PKG_CONFIG='/usr/bin/pkg-config'
RANLIB='ranlib'
SED='/bin/sed'
SET_MAKE=''
SHELL='/bin/sh'
SILCCLIENT_CFLAGS=''
SILCCLIENT_LIBS=''
SILC_AES_ASM_FALSE=''
SILC_AES_ASM_TRUE='#'
SILC_ASSEMBLER=''
SILC_BEOS_FALSE=''
SILC_BEOS_TRUE='#'
SILC_CFLAGS=''
SILC_CRYPTO_CFLAGS=' -fno-regmove -fomit-frame-pointer -O3'
SILC_ENABLE_SHARED_FALSE='#'
SILC_ENABLE_SHARED_TRUE=''
SILC_I386_FALSE=''
SILC_I386_TRUE='#'
SILC_I486_FALSE=''
SILC_I486_TRUE='#'
SILC_IA64_FALSE=''
SILC_IA64_TRUE='#'
SILC_LIBS=''
SILC_LIB_INCLUDES=' -I/home/rmayer/tmp/silc/silc-client-1.1.8/lib/contrib -I/home/rmayer/tmp/silc/silc-client-1.1.8/lib/silccore -I/home/rmayer/tmp/silc/silc-client-1.1.8/lib/silccrypt -I/home/rmayer/tmp/silc/silc-client-1.1.8/lib/silcmath -I/home/rmayer/tmp/silc/silc-client-1.1.8/lib/silcutil -I/home/rmayer/tmp/silc/silc-client-1.1.8/lib/silcapputil -I/home/rmayer/tmp/silc/silc-client-1.1.8/lib/silcske -I/home/rmayer/tmp/silc/silc-client-1.1.8/lib/silcsftp -I/home/rmayer/tmp/silc/silc-client-1.1.8/lib/silcclient -I/home/rmayer/tmp/silc/silc-client-1.1.8/lib/silcasn1 -I/home/rmayer/tmp/silc/silc-client-1.1.8/lib/silcskr -I/home/rmayer/tmp/silc/silc-client-1.1.8/lib/silcvcard'
SILC_MP_GMP_FALSE=''
SILC_MP_GMP_TRUE='#'
SILC_MP_SILCMATH_FALSE='#'
SILC_MP_SILCMATH_TRUE=''
SILC_NO_ASM_FALSE=''
SILC_NO_ASM_TRUE='#'
SILC_NO_CC_OPTIMIZATIONS_FALSE=''
SILC_NO_CC_OPTIMIZATIONS_TRUE='#'
SILC_OS2_FALSE=''
SILC_OS2_TRUE='#'
SILC_POWERPC_FALSE=''
SILC_POWERPC_TRUE='#'
SILC_SIZEOF_CHAR='1'
SILC_SIZEOF_INT='4'
SILC_SIZEOF_LONG='8'
SILC_SIZEOF_LONG_LONG='8'
SILC_SIZEOF_SHORT='2'
SILC_SIZEOF_VOID_P='8'
SILC_SYMBIAN_FALSE=''
SILC_SYMBIAN_TRUE='#'
SILC_THREADS_FALSE='#'
SILC_THREADS_TRUE=''
SILC_TOP_SRCDIR='/home/rmayer/tmp/silc/silc-client-1.1.8'
SILC_WIN32_FALSE=''
SILC_WIN32_TRUE='#'
SILC_X86_64_FALSE='#'
SILC_X86_64_TRUE=''
STRIP='strip'
VERSION='1.1.8'
YASM='no'
__SILC_ENABLE_DEBUG=''
__SILC_HAVE_PTHREAD='#define __SILC_HAVE_PTHREAD 1'
__SILC_HAVE_SIM=''
__SILC_PACKAGE_VERSION=''
ac_ct_CC='gcc'
ac_ct_DUMPBIN=''
am__fastdepCC_FALSE='#'
am__fastdepCC_TRUE=''
am__include='include'
am__isrc=''
am__leading_dot='.'
am__quote=''
am__tar='${AMTAR} chof - "$$tardir"'
am__untar='${AMTAR} xf -'
bindir='${exec_prefix}/bin'
build='x86_64-unknown-linux-gnu'
build_alias=''
build_cpu='x86_64'
build_os='linux-gnu'
build_vendor='unknown'
datadir='${datarootdir}'
datarootdir='${prefix}/share'
docdir='${datarootdir}/doc/${PACKAGE_TARNAME}'
dvidir='${docdir}'
exec_prefix='${prefix}'
host='x86_64-unknown-linux-gnu'
host_alias=''
host_cpu='x86_64'
host_os='linux-gnu'
host_vendor='unknown'
htmldir='${docdir}'
includedir='${prefix}/include'
infodir='${datarootdir}/info'
install_sh='$(SHELL) /home/rmayer/tmp/silc/silc-client-1.1.8/install-sh'
libdir='${exec_prefix}/lib'
libexecdir='${exec_prefix}/libexec'
localedir='${datarootdir}/locale'
localstatedir='${prefix}/var'
lt_ECHO='echo'
mandir='${datarootdir}/man'
mkdir_p='/bin/mkdir -p'
oldincludedir='/usr/include'
pdfdir='${docdir}'
prefix='/opt'
program_transform_name='s,x,x,'
psdir='${docdir}'
sbindir='${exec_prefix}/sbin'
sedpath='/bin/sed'
sharedstatedir='${prefix}/com'
subdirs=' apps/irssi'
sysconfdir='${prefix}/etc'
target='x86_64-unknown-linux-gnu'
target_alias=''
target_cpu='x86_64'
target_os='linux-gnu'
target_vendor='unknown'
with_irssi_FALSE='#'
with_irssi_TRUE=''

## ----------- ##
## confdefs.h. ##
## ----------- ##

#define PACKAGE_NAME "Client"
#define PACKAGE_TARNAME "silc-client"
#define PACKAGE_VERSION "1.1.8"
#define PACKAGE_STRING "Client 1.1.8"
#define PACKAGE_BUGREPORT "silc-devel@lists.silcnet.org"
#define PACKAGE "silc-client"
#define VERSION "1.1.8"
#define SILC_X86_64 /**/
#define STDC_HEADERS 1
#define HAVE_SYS_TYPES_H 1
#define HAVE_SYS_STAT_H 1
#define HAVE_STDLIB_H 1
#define HAVE_STRING_H 1
#define HAVE_MEMORY_H 1
#define HAVE_STRINGS_H 1
#define HAVE_INTTYPES_H 1
#define HAVE_STDINT_H 1
#define HAVE_UNISTD_H 1
#define HAVE_DLFCN_H 1
#define LT_OBJDIR ".libs/"
#define STDC_HEADERS 1
#define TIME_WITH_SYS_TIME 1
#define HAVE_UNISTD_H 1
#define HAVE_STRING_H 1
#define HAVE_GETOPT_H 1
#define HAVE_ERRNO_H 1
#define HAVE_FCNTL_H 1
#define HAVE_ASSERT_H 1
#define HAVE_SYS_TYPES_H 1
#define HAVE_SYS_STAT_H 1
#define HAVE_SYS_TIME_H 1
#define HAVE_STDDEF_H 1
#define HAVE_NETINET_IN_H 1
#define HAVE_NETINET_TCP_H 1
#define HAVE_NETDB_H 1
#define HAVE_SYS_RESOURCE_H 1
#define HAVE_PWD_H 1
#define HAVE_GRP_H 1
#define HAVE_TERMCAP_H 1
#define HAVE_PATHS_H 1
#define HAVE_NCURSES_H 1
#define HAVE_SIGNAL_H 1
#define HAVE_CTYPE_H 1
#define HAVE_UTIME_H 1
#define HAVE_ARPA_INET_H 1
#define HAVE_SYS_MMAN_H 1
#define HAVE_LIMITS_H 1
#define HAVE_TERMIOS_H 1
#define HAVE_LOCALE_H 1
#define HAVE_LANGINFO_H 1
#define RETSIGTYPE void
#define SIZEOF_LONG_LONG 8
#define SIZEOF_LONG 8
#define SIZEOF_INT 4
#define SIZEOF_SHORT 2
#define SIZEOF_CHAR 1
#define SIZEOF_VOID_P 8
#define HAVE_LONG_LONG 1
#define HAVE_LONG_DOUBLE 1
#define HAVE_GETHOSTNAME 1
#define HAVE_GETHOSTBYADDR 1
#define HAVE_GETSERVBYNAME 1
#define HAVE_GETSERVBYPORT 1
#define HAVE_POLL 1
#define HAVE_SELECT 1
#define HAVE_LISTEN 1
#define HAVE_BIND 1
#define HAVE_SHUTDOWN 1
#define HAVE_CLOSE 1
#define HAVE_CONNECT 1
#define HAVE_SETSOCKOPT 1
#define HAVE_SETRLIMIT 1
#define HAVE_TIME 1
#define HAVE_CTIME 1
#define HAVE_UTIME 1
#define HAVE_GETTIMEOFDAY 1
#define HAVE_GETRUSAGE 1
#define HAVE_CHMOD 1
#define HAVE_FCNTL 1
#define HAVE_STAT 1
#define HAVE_FSTAT 1
#define HAVE_GETENV 1
#define HAVE_PUTENV 1
#define HAVE_STRERROR 1
#define HAVE_POSIX_MEMALIGN 1
#define HAVE_GETPID 1
#define HAVE_GETGID 1
#define HAVE_GETSID 1
#define HAVE_GETPGID 1
#define HAVE_GETPGRP 1
#define HAVE_GETUID 1
#define HAVE_SCHED_YIELD 1
#define HAVE_SETGROUPS 1
#define HAVE_INITGROUPS 1
#define HAVE_NL_LANGINFO 1
#define HAVE_NANOSLEEP 1
#define HAVE_BACKTRACE 1
#define HAVE_STRCHR 1
#define HAVE_SNPRINTF 1
#define HAVE_STRSTR 1
#define HAVE_STRCPY 1
#define HAVE_STRNCPY 1
#define HAVE_MEMCPY 1
#define HAVE_MEMSET 1
#define HAVE_MEMMOVE 1
#define HAVE_REGEX_H /**/
#define HAVE_GETOPT_LONG /**/
#define HAVE_GETOPT /**/
#define HAVE_IPV6 /**/
#define HAVE_VA_COPY /**/
#define SILC_ETCDIR "/opt/etc"
#define SILC_DOCDIR "/opt/share/doc/silc-client"
#define SILC_MP_SILCMATH /**/
#define HAVE_ICONV_H 1
#define HAVE_ICONV 1
#define HAVE_PTHREAD_H 1
#define SILC_HAVE_PTHREAD /**/
#define SILC_THREADS /**/
#define HAVE_TIMEZONE /**/
#define HAVE_TM_GMTOFF /**/
#define SILC_ETCDIR "/opt/etc"
#define HAVE_EPOLL_WAIT 1
#define SILC_HELPDIR "${datarootdir}/silc/help"

configure: exit 0

## ---------------------- ##
## Running config.status. ##
## ---------------------- ##

This file was extended by Client config.status 1.1.8, which was
generated by GNU Autoconf 2.63.  Invocation command line was

  CONFIG_FILES    = 
  CONFIG_HEADERS  = 
  CONFIG_LINKS    = 
  CONFIG_COMMANDS = 
  $ ./config.status Makefile.defines_int

on vice.nerd-residenz.net

config.status:1196: creating Makefile.defines_int
config.status:1348: WARNING:  'Makefile.defines_int.in' seems to ignore the --datarootdir setting

## ---------------------- ##
## Running config.status. ##
## ---------------------- ##

This file was extended by Client config.status 1.1.8, which was
generated by GNU Autoconf 2.63.  Invocation command line was

  CONFIG_FILES    = 
  CONFIG_HEADERS  = 
  CONFIG_LINKS    = 
  CONFIG_COMMANDS = 
  $ ./config.status 

on vice.nerd-residenz.net

config.status:1196: creating lib/silccrypt/Makefile
config.status:1196: creating lib/silcmath/Makefile
config.status:1196: creating lib/Makefile
config.status:1196: creating lib/contrib/Makefile
config.status:1196: creating lib/silccore/Makefile
config.status:1196: creating lib/silcske/Makefile
config.status:1196: creating lib/silcutil/Makefile
config.status:1196: creating lib/silcutil/unix/Makefile
config.status:1196: creating lib/silcutil/win32/Makefile
config.status:1196: creating lib/silcapputil/Makefile
config.status:1196: creating lib/silcsftp/Makefile
config.status:1196: creating lib/silcclient/Makefile
config.status:1196: creating lib/silcclient/tests/Makefile
config.status:1196: creating lib/silcasn1/Makefile
config.status:1196: creating lib/silcskr/Makefile
config.status:1196: creating lib/silcvcard/Makefile
config.status:1196: creating apps/irssi/Makefile.defines
config.status:1196: creating apps/irssi/Makefile.defines_int
config.status:1348: WARNING:  'apps/irssi/Makefile.defines_int.in' seems to ignore the --datarootdir setting
config.status:1196: creating Makefile
config.status:1196: creating doc/Makefile
config.status:1196: creating Makefile.defines
config.status:1196: creating Makefile.defines_int
config.status:1348: WARNING:  'Makefile.defines_int.in' seems to ignore the --datarootdir setting
config.status:1196: creating includes/Makefile
config.status:1196: creating includes/silcversion.h
config.status:1196: creating includes/silc.h
config.status:1196: creating apps/Makefile
config.status:1196: creating silcdefs.h
config.status:1418: silcdefs.h is unchanged
config.status:1470: executing depfiles commands
config.status:1470: executing libtool commands

## ---------------------- ##
## Running config.status. ##
## ---------------------- ##

This file was extended by Client config.status 1.1.8, which was
generated by GNU Autoconf 2.63.  Invocation command line was

  CONFIG_FILES    = 
  CONFIG_HEADERS  = 
  CONFIG_LINKS    = 
  CONFIG_COMMANDS = 
  $ ./config.status silcdefs.h

on vice.nerd-residenz.net

config.status:1196: creating silcdefs.h
config.status:1418: silcdefs.h is unchanged
